{"meta": {"format": 3, "version": "7.13.2", "timestamp": "2026-01-28T21:12:55.047997", "branch_coverage": true, "show_contexts": false}, "files": {"python/__init__.py": {"executed_lines": [], "summary": {"covered_lines": 0, "num_statements": 0, "percent_covered": 100.0, "percent_covered_display": "100", "missing_lines": 0, "excluded_lines": 0, "percent_statements_covered": 100.0, "percent_statements_covered_display": "100", "num_branches": 0, "num_partial_branches": 0, "covered_branches": 0, "missing_branches": 0, "percent_branches_covered": 100.0, "percent_branches_covered_display": "100"}, "missing_lines": [], "excluded_lines": [], "executed_branches": [], "missing_branches": [], "functions": {"": {"executed_lines": [], "summary": {"covered_lines": 0, "num_statements": 0, "percent_covered": 100.0, "percent_covered_display": "100", "missing_lines": 0, "excluded_lines": 0, "percent_statements_covered": 100.0, "percent_statements_covered_display": "100", "num_branches": 0, "num_partial_branches": 0, "covered_branches": 0, "missing_branches": 0, "percent_branches_covered": 100.0, "percent_branches_covered_display": "100"}, "missing_lines": [], "excluded_lines": [], "start_line": 1, "executed_branches": [], "missing_branches": []}}, "classes": {"": {"executed_lines": [], "summary": {"covered_lines": 0, "num_statements": 0, "percent_covered": 100.0, "percent_covered_display": "100", "missing_lines": 0, "excluded_lines": 0, "percent_statements_covered": 100.0, "percent_statements_covered_display": "100", "num_branches": 0, "num_partial_branches": 0, "covered_branches": 0, "missing_branches": 0, "percent_branches_covered": 100.0, "percent_branches_covered_display": "100"}, "missing_lines": [], "excluded_lines": [], "start_line": 1, "executed_branches": [], "missing_branches": []}}}, "python/agent_output_storage.py": {"executed_lines": [], "summary": {"covered_lines": 0, "num_statements": 27, "percent_covered": 0.0, "percent_covered_display": "0", "missing_lines": 27, "excluded_lines": 0, "percent_statements_covered": 0.0, "percent_statements_covered_display": "0", "num_branches": 0, "num_partial_branches": 0, "covered_branches": 0, "missing_branches": 0, "percent_branches_covered": 100.0, "percent_branches_covered_display": "100"}, "missing_lines": [1, 3, 4, 5, 6, 7, 9, 12, 18, 19, 20, 23, 29, 30, 31, 32, 33, 34, 37, 38, 44, 45, 46, 49, 52, 53, 54], "excluded_lines": [], "executed_branches": [], "missing_branches": [], "functions": {"_safe_filename": {"executed_lines": [], "summary": {"covered_lines": 0, "num_statements": 3, "percent_covered": 0.0, "percent_covered_display": "0", "missing_lines": 3, "excluded_lines": 0, "percent_statements_covered": 0.0, "percent_statements_covered_display": "0", "num_branches": 0, "num_partial_branches": 0, "covered_branches": 0, "missing_branches": 0, "percent_branches_covered": 100.0, "percent_branches_covered_display": "100"}, "missing_lines": [18, 19, 20], "excluded_lines": [], "start_line": 12, "executed_branches": [], "missing_branches": []}, "save_agent_output": {"executed_lines": [], "summary": {"covered_lines": 0, "num_statements": 11, "percent_covered": 0.0, "percent_covered_display": "0", "missing_lines": 11, "excluded_lines": 0, "percent_statements_covered": 0.0, "percent_statements_covered_display": "0", "num_branches": 0, "num_partial_branches": 0, "covered_branches": 0, "missing_branches": 0, "percent_branches_covered": 100.0, "percent_branches_covered_display": "100"}, "missing_lines": [29, 30, 31, 32, 33, 34, 37, 38, 44, 45, 46], "excluded_lines": [], "start_line": 23, "executed_branches": [], "missing_branches": []}, "list_agent_outputs": {"executed_lines": [], "summary": {"covered_lines": 0, "num_statements": 3, "percent_covered": 0.0, "percent_covered_display": "0", "missing_lines": 3, "excluded_lines": 0, "percent_statements_covered": 0.0, "percent_statements_covered_display": "0", "num_branches": 0, "num_partial_branches": 0, "covered_branches": 0, "missing_branches": 0, "percent_branches_covered": 100.0, "percent_branches_covered_display": "100"}, "missing_lines": [52, 53, 54], "excluded_lines": [], "start_line": 49, "executed_branches": [], "missing_branches": []}, "": {"executed_lines": [], "summary": {"covered_lines": 0, "num_statements": 10, "percent_covered": 0.0, "percent_covered_display": "0", "missing_lines": 10, "excluded_lines": 0, "percent_statements_covered": 0.0, "percent_statements_covered_display": "0", "num_branches": 0, "num_partial_branches": 0, "covered_branches": 0, "missing_branches": 0, "percent_branches_covered": 100.0, "percent_branches_covered_display": "100"}, "missing_lines": [1, 3, 4, 5, 6, 7, 9, 12, 23, 49], "excluded_lines": [], "start_line": 1, "executed_branches": [], "missing_branches": []}}, "classes": {"": {"executed_lines": [], "summary": {"covered_lines": 0, "num_statements": 27, "percent_covered": 0.0, "percent_covered_display": "0", "missing_lines": 27, "excluded_lines": 0, "percent_statements_covered": 0.0, "percent_statements_covered_display": "0", "num_branches": 0, "num_partial_branches": 0, "covered_branches": 0, "missing_branches": 0, "percent_branches_covered": 100.0, "percent_branches_covered_display": "100"}, "missing_lines": [1, 3, 4, 5, 6, 7, 9, 12, 18, 19, 20, 23, 29, 30, 31, 32, 33, 34, 37, 38, 44, 45, 46, 49, 52, 53, 54], "excluded_lines": [], "start_line": 1, "executed_branches": [], "missing_branches": []}}}, "python/config.py": {"executed_lines": [1, 3, 4, 5, 7, 8, 9, 12, 15, 16, 17, 18, 19, 20, 21, 22, 23, 24, 25, 26, 29, 32, 33, 34, 37, 40, 41, 42, 43, 46, 49, 60, 70, 79, 93, 94, 95, 98, 101, 102, 103, 104, 107, 110, 111, 112, 115, 118, 121, 122, 124, 125, 126, 128, 129, 130, 131, 133, 147, 149, 150, 153, 162, 165, 167, 168, 169, 170, 171, 172, 173, 175, 176, 179, 181, 184, 210, 214], "summary": {"covered_lines": 78, "num_statements": 107, "percent_covered": 60.74074074074074, "percent_covered_display": "61", "missing_lines": 29, "excluded_lines": 0, "percent_statements_covered": 72.89719626168224, "percent_statements_covered_display": "73", "num_branches": 28, "num_partial_branches": 2, "covered_branches": 4, "missing_branches": 24, "percent_branches_covered": 14.285714285714286, "percent_branches_covered_display": "14"}, "missing_lines": [135, 136, 137, 138, 139, 140, 141, 142, 145, 151, 155, 156, 157, 158, 159, 185, 186, 187, 188, 189, 192, 193, 194, 195, 196, 198, 199, 202, 206], "excluded_lines": [], "executed_branches": [[129, 130], [129, 131], [149, 150], [184, 210]], "missing_branches": [[135, 136], [135, 139], [136, 137], [136, 138], [139, 140], [139, 145], [140, 141], [140, 142], [149, 151], [155, -153], [155, 156], [158, -153], [158, 159], [184, 185], [187, 188], [187, 210], [188, 189], [188, 192], [192, 193], [192, 194], [194, 195], [194, 196], [196, 198], [196, 210]], "functions": {"EnvironmentSettings.validate_environment": {"executed_lines": [128, 129, 130, 131], "summary": {"covered_lines": 4, "num_statements": 4, "percent_covered": 100.0, "percent_covered_display": "100", "missing_lines": 0, "excluded_lines": 0, "percent_statements_covered": 100.0, "percent_statements_covered_display": "100", "num_branches": 2, "num_partial_branches": 0, "covered_branches": 2, "missing_branches": 0, "percent_branches_covered": 100.0, "percent_branches_covered_display": "100"}, "missing_lines": [], "excluded_lines": [], "start_line": 126, "executed_branches": [[129, 130], [129, 131]], "missing_branches": []}, "EnvironmentSettings.get_data_root": {"executed_lines": [], "summary": {"covered_lines": 0, "num_statements": 9, "percent_covered": 0.0, "percent_covered_display": "0", "missing_lines": 9, "excluded_lines": 0, "percent_statements_covered": 0.0, "percent_statements_covered_display": "0", "num_branches": 8, "num_partial_branches": 0, "covered_branches": 0, "missing_branches": 8, "percent_branches_covered": 0.0, "percent_branches_covered_display": "0"}, "missing_lines": [135, 136, 137, 138, 139, 140, 141, 142, 145], "excluded_lines": [], "start_line": 133, "executed_branches": [], "missing_branches": [[135, 136], [135, 139], [136, 137], [136, 138], [139, 140], [139, 145], [140, 141], [140, 142]]}, "EnvironmentSettings.get_test_data_root": {"executed_lines": [149, 150], "summary": {"covered_lines": 2, "num_statements": 3, "percent_covered": 60.0, "percent_covered_display": "60", "missing_lines": 1, "excluded_lines": 0, "percent_statements_covered": 66.66666666666667, "percent_statements_covered_display": "67", "num_branches": 2, "num_partial_branches": 1, "covered_branches": 1, "missing_branches": 1, "percent_branches_covered": 50.0, "percent_branches_covered_display": "50"}, "missing_lines": [151], "excluded_lines": [], "start_line": 147, "executed_branches": [[149, 150]], "missing_branches": [[149, 151]]}, "EnvironmentSettings.validate_required_env_vars": {"executed_lines": [], "summary": {"covered_lines": 0, "num_statements": 5, "percent_covered": 0.0, "percent_covered_display": "0", "missing_lines": 5, "excluded_lines": 0, "percent_statements_covered": 0.0, "percent_statements_covered_display": "0", "num_branches": 4, "num_partial_branches": 0, "covered_branches": 0, "missing_branches": 4, "percent_branches_covered": 0.0, "percent_branches_covered_display": "0"}, "missing_lines": [155, 156, 157, 158, 159], "excluded_lines": [], "start_line": 153, "executed_branches": [], "missing_branches": [[155, -153], [155, 156], [158, -153], [158, 159]]}, "Settings.load_settings": {"executed_lines": [179, 181, 184, 210], "summary": {"covered_lines": 4, "num_statements": 18, "percent_covered": 16.666666666666668, "percent_covered_display": "17", "missing_lines": 14, "excluded_lines": 0, "percent_statements_covered": 22.22222222222222, "percent_statements_covered_display": "22", "num_branches": 12, "num_partial_branches": 1, "covered_branches": 1, "missing_branches": 11, "percent_branches_covered": 8.333333333333334, "percent_branches_covered_display": "8"}, "missing_lines": [185, 186, 187, 188, 189, 192, 193, 194, 195, 196, 198, 199, 202, 206], "excluded_lines": [], "start_line": 176, "executed_branches": [[184, 210]], "missing_branches": [[184, 185], [187, 188], [187, 210], [188, 189], [188, 192], [192, 193], [192, 194], [194, 195], [194, 196], [196, 198], [196, 210]]}, "": {"executed_lines": [1, 3, 4, 5, 7, 8, 9, 12, 15, 16, 17, 18, 19, 20, 21, 22, 23, 24, 25, 26, 29, 32, 33, 34, 37, 40, 41, 42, 43, 46, 49, 60, 70, 79, 93, 94, 95, 98, 101, 102, 103, 104, 107, 110, 111, 112, 115, 118, 121, 122, 124, 125, 126, 133, 147, 153, 162, 165, 167, 168, 169, 170, 171, 172, 173, 175, 176, 214], "summary": {"covered_lines": 68, "num_statements": 68, "percent_covered": 100.0, "percent_covered_display": "100", "missing_lines": 0, "excluded_lines": 0, "percent_statements_covered": 100.0, "percent_statements_covered_display": "100", "num_branches": 0, "num_partial_branches": 0, "covered_branches": 0, "missing_branches": 0, "percent_branches_covered": 100.0, "percent_branches_covered_display": "100"}, "missing_lines": [], "excluded_lines": [], "start_line": 1, "executed_branches": [], "missing_branches": []}}, "classes": {"FinancialGuardrails": {"executed_lines": [], "summary": {"covered_lines": 0, "num_statements": 0, "percent_covered": 100.0, "percent_covered_display": "100", "missing_lines": 0, "excluded_lines": 0, "percent_statements_covered": 100.0, "percent_statements_covered_display": "100", "num_branches": 0, "num_partial_branches": 0, "covered_branches": 0, "missing_branches": 0, "percent_branches_covered": 100.0, "percent_branches_covered_display": "100"}, "missing_lines": [], "excluded_lines": [], "start_line": 12, "executed_branches": [], "missing_branches": []}, "RiskParameters": {"executed_lines": [], "summary": {"covered_lines": 0, "num_statements": 0, "percent_covered": 100.0, "percent_covered_display": "100", "missing_lines": 0, "excluded_lines": 0, "percent_statements_covered": 100.0, "percent_statements_covered_display": "100", "num_branches": 0, "num_partial_branches": 0, "covered_branches": 0, "missing_branches": 0, "percent_branches_covered": 100.0, "percent_branches_covered_display": "100"}, "missing_lines": [], "excluded_lines": [], "start_line": 29, "executed_branches": [], "missing_branches": []}, "SLASettings": {"executed_lines": [], "summary": {"covered_lines": 0, "num_statements": 0, "percent_covered": 100.0, "percent_covered_display": "100", "missing_lines": 0, "excluded_lines": 0, "percent_statements_covered": 100.0, "percent_statements_covered_display": "100", "num_branches": 0, "num_partial_branches": 0, "covered_branches": 0, "missing_branches": 0, "percent_branches_covered": 100.0, "percent_branches_covered_display": "100"}, "missing_lines": [], "excluded_lines": [], "start_line": 37, "executed_branches": [], "missing_branches": []}, "AnalyticsSettings": {"executed_lines": [], "summary": {"covered_lines": 0, "num_statements": 0, "percent_covered": 100.0, "percent_covered_display": "100", "missing_lines": 0, "excluded_lines": 0, "percent_statements_covered": 100.0, "percent_statements_covered_display": "100", "num_branches": 0, "num_partial_branches": 0, "covered_branches": 0, "missing_branches": 0, "percent_branches_covered": 100.0, "percent_branches_covered_display": "100"}, "missing_lines": [], "excluded_lines": [], "start_line": 46, "executed_branches": [], "missing_branches": []}, "KPISettings": {"executed_lines": [], "summary": {"covered_lines": 0, "num_statements": 0, "percent_covered": 100.0, "percent_covered_display": "100", "missing_lines": 0, "excluded_lines": 0, "percent_statements_covered": 100.0, "percent_statements_covered_display": "100", "num_branches": 0, "num_partial_branches": 0, "covered_branches": 0, "missing_branches": 0, "percent_branches_covered": 100.0, "percent_branches_covered_display": "100"}, "missing_lines": [], "excluded_lines": [], "start_line": 98, "executed_branches": [], "missing_branches": []}, "ApiSettings": {"executed_lines": [], "summary": {"covered_lines": 0, "num_statements": 0, "percent_covered": 100.0, "percent_covered_display": "100", "missing_lines": 0, "excluded_lines": 0, "percent_statements_covered": 100.0, "percent_statements_covered_display": "100", "num_branches": 0, "num_partial_branches": 0, "covered_branches": 0, "missing_branches": 0, "percent_branches_covered": 100.0, "percent_branches_covered_display": "100"}, "missing_lines": [], "excluded_lines": [], "start_line": 107, "executed_branches": [], "missing_branches": []}, "EnvironmentSettings": {"executed_lines": [128, 129, 130, 131, 149, 150], "summary": {"covered_lines": 6, "num_statements": 21, "percent_covered": 24.324324324324323, "percent_covered_display": "24", "missing_lines": 15, "excluded_lines": 0, "percent_statements_covered": 28.571428571428573, "percent_statements_covered_display": "29", "num_branches": 16, "num_partial_branches": 1, "covered_branches": 3, "missing_branches": 13, "percent_branches_covered": 18.75, "percent_branches_covered_display": "19"}, "missing_lines": [135, 136, 137, 138, 139, 140, 141, 142, 145, 151, 155, 156, 157, 158, 159], "excluded_lines": [], "start_line": 115, "executed_branches": [[129, 130], [129, 131], [149, 150]], "missing_branches": [[135, 136], [135, 139], [136, 137], [136, 138], [139, 140], [139, 145], [140, 141], [140, 142], [149, 151], [155, -153], [155, 156], [158, -153], [158, 159]]}, "Settings": {"executed_lines": [179, 181, 184, 210], "summary": {"covered_lines": 4, "num_statements": 18, "percent_covered": 16.666666666666668, "percent_covered_display": "17", "missing_lines": 14, "excluded_lines": 0, "percent_statements_covered": 22.22222222222222, "percent_statements_covered_display": "22", "num_branches": 12, "num_partial_branches": 1, "covered_branches": 1, "missing_branches": 11, "percent_branches_covered": 8.333333333333334, "percent_branches_covered_display": "8"}, "missing_lines": [185, 186, 187, 188, 189, 192, 193, 194, 195, 196, 198, 199, 202, 206], "excluded_lines": [], "start_line": 162, "executed_branches": [[184, 210]], "missing_branches": [[184, 185], [187, 188], [187, 210], [188, 189], [188, 192], [192, 193], [192, 194], [194, 195], [194, 196], [196, 198], [196, 210]]}, "": {"executed_lines": [1, 3, 4, 5, 7, 8, 9, 12, 15, 16, 17, 18, 19, 20, 21, 22, 23, 24, 25, 26, 29, 32, 33, 34, 37, 40, 41, 42, 43, 46, 49, 60, 70, 79, 93, 94, 95, 98, 101, 102, 103, 104, 107, 110, 111, 112, 115, 118, 121, 122, 124, 125, 126, 133, 147, 153, 162, 165, 167, 168, 169, 170, 171, 172, 173, 175, 176, 214], "summary": {"covered_lines": 68, "num_statements": 68, "percent_covered": 100.0, "percent_covered_display": "100", "missing_lines": 0, "excluded_lines": 0, "percent_statements_covered": 100.0, "percent_statements_covered_display": "100", "num_branches": 0, "num_partial_branches": 0, "covered_branches": 0, "missing_branches": 0, "percent_branches_covered": 100.0, "percent_branches_covered_display": "100"}, "missing_lines": [], "excluded_lines": [], "start_line": 1, "executed_branches": [], "missing_branches": []}}}, "python/events.py": {"executed_lines": [], "summary": {"covered_lines": 0, "num_statements": 28, "percent_covered": 0.0, "percent_covered_display": "0", "missing_lines": 28, "excluded_lines": 0, "percent_statements_covered": 0.0, "percent_statements_covered_display": "0", "num_branches": 0, "num_partial_branches": 0, "covered_branches": 0, "missing_branches": 0, "percent_branches_covered": 100.0, "percent_branches_covered_display": "100"}, "missing_lines": [1, 3, 4, 5, 6, 8, 11, 12, 13, 14, 15, 16, 19, 20, 21, 22, 23, 26, 27, 28, 29, 30, 33, 34, 35, 36, 39, 45], "excluded_lines": [], "executed_branches": [], "missing_branches": [], "functions": {"log_event": {"executed_lines": [], "summary": {"covered_lines": 0, "num_statements": 1, "percent_covered": 0.0, "percent_covered_display": "0", "missing_lines": 1, "excluded_lines": 0, "percent_statements_covered": 0.0, "percent_statements_covered_display": "0", "num_branches": 0, "num_partial_branches": 0, "covered_branches": 0, "missing_branches": 0, "percent_branches_covered": 100.0, "percent_branches_covered_display": "100"}, "missing_lines": [45], "excluded_lines": [], "start_line": 39, "executed_branches": [], "missing_branches": []}, "": {"executed_lines": [], "summary": {"covered_lines": 0, "num_statements": 27, "percent_covered": 0.0, "percent_covered_display": "0", "missing_lines": 27, "excluded_lines": 0, "percent_statements_covered": 0.0, "percent_statements_covered_display": "0", "num_branches": 0, "num_partial_branches": 0, "covered_branches": 0, "missing_branches": 0, "percent_branches_covered": 100.0, "percent_branches_covered_display": "100"}, "missing_lines": [1, 3, 4, 5, 6, 8, 11, 12, 13, 14, 15, 16, 19, 20, 21, 22, 23, 26, 27, 28, 29, 30, 33, 34, 35, 36, 39], "excluded_lines": [], "start_line": 1, "executed_branches": [], "missing_branches": []}}, "classes": {"EventType": {"executed_lines": [], "summary": {"covered_lines": 0, "num_statements": 0, "percent_covered": 100.0, "percent_covered_display": "100", "missing_lines": 0, "excluded_lines": 0, "percent_statements_covered": 100.0, "percent_statements_covered_display": "100", "num_branches": 0, "num_partial_branches": 0, "covered_branches": 0, "missing_branches": 0, "percent_branches_covered": 100.0, "percent_branches_covered_display": "100"}, "missing_lines": [], "excluded_lines": [], "start_line": 11, "executed_branches": [], "missing_branches": []}, "BaseEvent": {"executed_lines": [], "summary": {"covered_lines": 0, "num_statements": 0, "percent_covered": 100.0, "percent_covered_display": "100", "missing_lines": 0, "excluded_lines": 0, "percent_statements_covered": 100.0, "percent_statements_covered_display": "100", "num_branches": 0, "num_partial_branches": 0, "covered_branches": 0, "missing_branches": 0, "percent_branches_covered": 100.0, "percent_branches_covered_display": "100"}, "missing_lines": [], "excluded_lines": [], "start_line": 19, "executed_branches": [], "missing_branches": []}, "InvoiceEvent": {"executed_lines": [], "summary": {"covered_lines": 0, "num_statements": 0, "percent_covered": 100.0, "percent_covered_display": "100", "missing_lines": 0, "excluded_lines": 0, "percent_statements_covered": 100.0, "percent_statements_covered_display": "100", "num_branches": 0, "num_partial_branches": 0, "covered_branches": 0, "missing_branches": 0, "percent_branches_covered": 100.0, "percent_branches_covered_display": "100"}, "missing_lines": [], "excluded_lines": [], "start_line": 26, "executed_branches": [], "missing_branches": []}, "KPIEvent": {"executed_lines": [], "summary": {"covered_lines": 0, "num_statements": 0, "percent_covered": 100.0, "percent_covered_display": "100", "missing_lines": 0, "excluded_lines": 0, "percent_statements_covered": 100.0, "percent_statements_covered_display": "100", "num_branches": 0, "num_partial_branches": 0, "covered_branches": 0, "missing_branches": 0, "percent_branches_covered": 100.0, "percent_branches_covered_display": "100"}, "missing_lines": [], "excluded_lines": [], "start_line": 33, "executed_branches": [], "missing_branches": []}, "": {"executed_lines": [], "summary": {"covered_lines": 0, "num_statements": 28, "percent_covered": 0.0, "percent_covered_display": "0", "missing_lines": 28, "excluded_lines": 0, "percent_statements_covered": 0.0, "percent_statements_covered_display": "0", "num_branches": 0, "num_partial_branches": 0, "covered_branches": 0, "missing_branches": 0, "percent_branches_covered": 100.0, "percent_branches_covered_display": "100"}, "missing_lines": [1, 3, 4, 5, 6, 8, 11, 12, 13, 14, 15, 16, 19, 20, 21, 22, 23, 26, 27, 28, 29, 30, 33, 34, 35, 36, 39, 45], "excluded_lines": [], "start_line": 1, "executed_branches": [], "missing_branches": []}}}, "python/ingestion.py": {"executed_lines": [], "summary": {"covered_lines": 0, "num_statements": 60, "percent_covered": 0.0, "percent_covered_display": "0", "missing_lines": 60, "excluded_lines": 0, "percent_statements_covered": 0.0, "percent_statements_covered_display": "0", "num_branches": 14, "num_partial_branches": 0, "covered_branches": 0, "missing_branches": 14, "percent_branches_covered": 0.0, "percent_branches_covered_display": "0"}, "missing_lines": [3, 4, 5, 6, 7, 9, 11, 14, 17, 18, 19, 20, 21, 23, 25, 26, 27, 28, 29, 30, 31, 32, 33, 34, 35, 36, 38, 40, 41, 42, 43, 44, 45, 46, 47, 48, 49, 51, 52, 53, 54, 55, 56, 57, 59, 61, 63, 64, 65, 66, 68, 69, 70, 71, 74, 75, 76, 77, 79, 81], "excluded_lines": [], "executed_branches": [], "missing_branches": [[44, 45], [44, 51], [45, 46], [45, 48], [64, 65], [64, 68], [65, 64], [65, 66], [68, 69], [68, 74], [70, 71], [70, 74], [74, 75], [74, 76]], "functions": {"CascadeIngestion.__init__": {"executed_lines": [], "summary": {"covered_lines": 0, "num_statements": 4, "percent_covered": 0.0, "percent_covered_display": "0", "missing_lines": 4, "excluded_lines": 0, "percent_statements_covered": 0.0, "percent_statements_covered_display": "0", "num_branches": 0, "num_partial_branches": 0, "covered_branches": 0, "missing_branches": 0, "percent_branches_covered": 100.0, "percent_branches_covered_display": "100"}, "missing_lines": [18, 19, 20, 21], "excluded_lines": [], "start_line": 17, "executed_branches": [], "missing_branches": []}, "CascadeIngestion.ingest_csv": {"executed_lines": [], "summary": {"covered_lines": 0, "num_statements": 12, "percent_covered": 0.0, "percent_covered_display": "0", "missing_lines": 12, "excluded_lines": 0, "percent_statements_covered": 0.0, "percent_statements_covered_display": "0", "num_branches": 0, "num_partial_branches": 0, "covered_branches": 0, "missing_branches": 0, "percent_branches_covered": 100.0, "percent_branches_covered_display": "100"}, "missing_lines": [25, 26, 27, 28, 29, 30, 31, 32, 33, 34, 35, 36], "excluded_lines": [], "start_line": 23, "executed_branches": [], "missing_branches": []}, "CascadeIngestion.ingest_json": {"executed_lines": [], "summary": {"covered_lines": 0, "num_statements": 17, "percent_covered": 0.0, "percent_covered_display": "0", "missing_lines": 17, "excluded_lines": 0, "percent_statements_covered": 0.0, "percent_statements_covered_display": "0", "num_branches": 4, "num_partial_branches": 0, "covered_branches": 0, "missing_branches": 4, "percent_branches_covered": 0.0, "percent_branches_covered_display": "0"}, "missing_lines": [40, 41, 42, 43, 44, 45, 46, 47, 48, 49, 51, 52, 53, 54, 55, 56, 57], "excluded_lines": [], "start_line": 38, "executed_branches": [], "missing_branches": [[44, 45], [44, 51], [45, 46], [45, 48]]}, "CascadeIngestion.validate_loans": {"executed_lines": [], "summary": {"covered_lines": 0, "num_statements": 13, "percent_covered": 0.0, "percent_covered_display": "0", "missing_lines": 13, "excluded_lines": 0, "percent_statements_covered": 0.0, "percent_statements_covered_display": "0", "num_branches": 10, "num_partial_branches": 0, "covered_branches": 0, "missing_branches": 10, "percent_branches_covered": 0.0, "percent_branches_covered_display": "0"}, "missing_lines": [61, 63, 64, 65, 66, 68, 69, 70, 71, 74, 75, 76, 77], "excluded_lines": [], "start_line": 59, "executed_branches": [], "missing_branches": [[64, 65], [64, 68], [65, 64], [65, 66], [68, 69], [68, 74], [70, 71], [70, 74], [74, 75], [74, 76]]}, "CascadeIngestion.get_ingest_summary": {"executed_lines": [], "summary": {"covered_lines": 0, "num_statements": 1, "percent_covered": 0.0, "percent_covered_display": "0", "missing_lines": 1, "excluded_lines": 0, "percent_statements_covered": 0.0, "percent_statements_covered_display": "0", "num_branches": 0, "num_partial_branches": 0, "covered_branches": 0, "missing_branches": 0, "percent_branches_covered": 100.0, "percent_branches_covered_display": "100"}, "missing_lines": [81], "excluded_lines": [], "start_line": 79, "executed_branches": [], "missing_branches": []}, "": {"executed_lines": [], "summary": {"covered_lines": 0, "num_statements": 13, "percent_covered": 0.0, "percent_covered_display": "0", "missing_lines": 13, "excluded_lines": 0, "percent_statements_covered": 0.0, "percent_statements_covered_display": "0", "num_branches": 0, "num_partial_branches": 0, "covered_branches": 0, "missing_branches": 0, "percent_branches_covered": 100.0, "percent_branches_covered_display": "100"}, "missing_lines": [3, 4, 5, 6, 7, 9, 11, 14, 17, 23, 38, 59, 79], "excluded_lines": [], "start_line": 1, "executed_branches": [], "missing_branches": []}}, "classes": {"CascadeIngestion": {"executed_lines": [], "summary": {"covered_lines": 0, "num_statements": 47, "percent_covered": 0.0, "percent_covered_display": "0", "missing_lines": 47, "excluded_lines": 0, "percent_statements_covered": 0.0, "percent_statements_covered_display": "0", "num_branches": 14, "num_partial_branches": 0, "covered_branches": 0, "missing_branches": 14, "percent_branches_covered": 0.0, "percent_branches_covered_display": "0"}, "missing_lines": [18, 19, 20, 21, 25, 26, 27, 28, 29, 30, 31, 32, 33, 34, 35, 36, 40, 41, 42, 43, 44, 45, 46, 47, 48, 49, 51, 52, 53, 54, 55, 56, 57, 61, 63, 64, 65, 66, 68, 69, 70, 71, 74, 75, 76, 77, 81], "excluded_lines": [], "start_line": 14, "executed_branches": [], "missing_branches": [[44, 45], [44, 51], [45, 46], [45, 48], [64, 65], [64, 68], [65, 64], [65, 66], [68, 69], [68, 74], [70, 71], [70, 74], [74, 75], [74, 76]]}, "": {"executed_lines": [], "summary": {"covered_lines": 0, "num_statements": 13, "percent_covered": 0.0, "percent_covered_display": "0", "missing_lines": 13, "excluded_lines": 0, "percent_statements_covered": 0.0, "percent_statements_covered_display": "0", "num_branches": 0, "num_partial_branches": 0, "covered_branches": 0, "missing_branches": 0, "percent_branches_covered": 100.0, "percent_branches_covered_display": "100"}, "missing_lines": [3, 4, 5, 6, 7, 9, 11, 14, 17, 23, 38, 59, 79], "excluded_lines": [], "start_line": 1, "executed_branches": [], "missing_branches": []}}}, "python/multi_agent/__init__.py": {"executed_lines": [], "summary": {"covered_lines": 0, "num_statements": 1, "percent_covered": 0.0, "percent_covered_display": "0", "missing_lines": 1, "excluded_lines": 0, "percent_statements_covered": 0.0, "percent_statements_covered_display": "0", "num_branches": 0, "num_partial_branches": 0, "covered_branches": 0, "missing_branches": 0, "percent_branches_covered": 100.0, "percent_branches_covered_display": "100"}, "missing_lines": [1], "excluded_lines": [], "executed_branches": [], "missing_branches": [], "functions": {"": {"executed_lines": [], "summary": {"covered_lines": 0, "num_statements": 1, "percent_covered": 0.0, "percent_covered_display": "0", "missing_lines": 1, "excluded_lines": 0, "percent_statements_covered": 0.0, "percent_statements_covered_display": "0", "num_branches": 0, "num_partial_branches": 0, "covered_branches": 0, "missing_branches": 0, "percent_branches_covered": 100.0, "percent_branches_covered_display": "100"}, "missing_lines": [1], "excluded_lines": [], "start_line": 1, "executed_branches": [], "missing_branches": []}}, "classes": {"": {"executed_lines": [], "summary": {"covered_lines": 0, "num_statements": 1, "percent_covered": 0.0, "percent_covered_display": "0", "missing_lines": 1, "excluded_lines": 0, "percent_statements_covered": 0.0, "percent_statements_covered_display": "0", "num_branches": 0, "num_partial_branches": 0, "covered_branches": 0, "missing_branches": 0, "percent_branches_covered": 100.0, "percent_branches_covered_display": "100"}, "missing_lines": [1], "excluded_lines": [], "start_line": 1, "executed_branches": [], "missing_branches": []}}}, "python/multi_agent/agents.py": {"executed_lines": [], "summary": {"covered_lines": 0, "num_statements": 22, "percent_covered": 0.0, "percent_covered_display": "0", "missing_lines": 22, "excluded_lines": 0, "percent_statements_covered": 0.0, "percent_statements_covered_display": "0", "num_branches": 0, "num_partial_branches": 0, "covered_branches": 0, "missing_branches": 0, "percent_branches_covered": 100.0, "percent_branches_covered_display": "100"}, "missing_lines": [3, 4, 7, 10, 11, 13, 14, 26, 29, 30, 32, 33, 45, 48, 49, 51, 52, 64, 67, 68, 70, 71], "excluded_lines": [], "executed_branches": [], "missing_branches": [], "functions": {"RiskAnalystAgent.__init__": {"executed_lines": [], "summary": {"covered_lines": 0, "num_statements": 1, "percent_covered": 0.0, "percent_covered_display": "0", "missing_lines": 1, "excluded_lines": 0, "percent_statements_covered": 0.0, "percent_statements_covered_display": "0", "num_branches": 0, "num_partial_branches": 0, "covered_branches": 0, "missing_branches": 0, "percent_branches_covered": 100.0, "percent_branches_covered_display": "100"}, "missing_lines": [11], "excluded_lines": [], "start_line": 10, "executed_branches": [], "missing_branches": []}, "RiskAnalystAgent.get_system_prompt": {"executed_lines": [], "summary": {"covered_lines": 0, "num_statements": 1, "percent_covered": 0.0, "percent_covered_display": "0", "missing_lines": 1, "excluded_lines": 0, "percent_statements_covered": 0.0, "percent_statements_covered_display": "0", "num_branches": 0, "num_partial_branches": 0, "covered_branches": 0, "missing_branches": 0, "percent_branches_covered": 100.0, "percent_branches_covered_display": "100"}, "missing_lines": [14], "excluded_lines": [], "start_line": 13, "executed_branches": [], "missing_branches": []}, "GrowthStrategistAgent.__init__": {"executed_lines": [], "summary": {"covered_lines": 0, "num_statements": 1, "percent_covered": 0.0, "percent_covered_display": "0", "missing_lines": 1, "excluded_lines": 0, "percent_statements_covered": 0.0, "percent_statements_covered_display": "0", "num_branches": 0, "num_partial_branches": 0, "covered_branches": 0, "missing_branches": 0, "percent_branches_covered": 100.0, "percent_branches_covered_display": "100"}, "missing_lines": [30], "excluded_lines": [], "start_line": 29, "executed_branches": [], "missing_branches": []}, "GrowthStrategistAgent.get_system_prompt": {"executed_lines": [], "summary": {"covered_lines": 0, "num_statements": 1, "percent_covered": 0.0, "percent_covered_display": "0", "missing_lines": 1, "excluded_lines": 0, "percent_statements_covered": 0.0, "percent_statements_covered_display": "0", "num_branches": 0, "num_partial_branches": 0, "covered_branches": 0, "missing_branches": 0, "percent_branches_covered": 100.0, "percent_branches_covered_display": "100"}, "missing_lines": [33], "excluded_lines": [], "start_line": 32, "executed_branches": [], "missing_branches": []}, "OpsOptimizerAgent.__init__": {"executed_lines": [], "summary": {"covered_lines": 0, "num_statements": 1, "percent_covered": 0.0, "percent_covered_display": "0", "missing_lines": 1, "excluded_lines": 0, "percent_statements_covered": 0.0, "percent_statements_covered_display": "0", "num_branches": 0, "num_partial_branches": 0, "covered_branches": 0, "missing_branches": 0, "percent_branches_covered": 100.0, "percent_branches_covered_display": "100"}, "missing_lines": [49], "excluded_lines": [], "start_line": 48, "executed_branches": [], "missing_branches": []}, "OpsOptimizerAgent.get_system_prompt": {"executed_lines": [], "summary": {"covered_lines": 0, "num_statements": 1, "percent_covered": 0.0, "percent_covered_display": "0", "missing_lines": 1, "excluded_lines": 0, "percent_statements_covered": 0.0, "percent_statements_covered_display": "0", "num_branches": 0, "num_partial_branches": 0, "covered_branches": 0, "missing_branches": 0, "percent_branches_covered": 100.0, "percent_branches_covered_display": "100"}, "missing_lines": [52], "excluded_lines": [], "start_line": 51, "executed_branches": [], "missing_branches": []}, "ComplianceAgent.__init__": {"executed_lines": [], "summary": {"covered_lines": 0, "num_statements": 1, "percent_covered": 0.0, "percent_covered_display": "0", "missing_lines": 1, "excluded_lines": 0, "percent_statements_covered": 0.0, "percent_statements_covered_display": "0", "num_branches": 0, "num_partial_branches": 0, "covered_branches": 0, "missing_branches": 0, "percent_branches_covered": 100.0, "percent_branches_covered_display": "100"}, "missing_lines": [68], "excluded_lines": [], "start_line": 67, "executed_branches": [], "missing_branches": []}, "ComplianceAgent.get_system_prompt": {"executed_lines": [], "summary": {"covered_lines": 0, "num_statements": 1, "percent_covered": 0.0, "percent_covered_display": "0", "missing_lines": 1, "excluded_lines": 0, "percent_statements_covered": 0.0, "percent_statements_covered_display": "0", "num_branches": 0, "num_partial_branches": 0, "covered_branches": 0, "missing_branches": 0, "percent_branches_covered": 100.0, "percent_branches_covered_display": "100"}, "missing_lines": [71], "excluded_lines": [], "start_line": 70, "executed_branches": [], "missing_branches": []}, "": {"executed_lines": [], "summary": {"covered_lines": 0, "num_statements": 14, "percent_covered": 0.0, "percent_covered_display": "0", "missing_lines": 14, "excluded_lines": 0, "percent_statements_covered": 0.0, "percent_statements_covered_display": "0", "num_branches": 0, "num_partial_branches": 0, "covered_branches": 0, "missing_branches": 0, "percent_branches_covered": 100.0, "percent_branches_covered_display": "100"}, "missing_lines": [3, 4, 7, 10, 13, 26, 29, 32, 45, 48, 51, 64, 67, 70], "excluded_lines": [], "start_line": 1, "executed_branches": [], "missing_branches": []}}, "classes": {"RiskAnalystAgent": {"executed_lines": [], "summary": {"covered_lines": 0, "num_statements": 2, "percent_covered": 0.0, "percent_covered_display": "0", "missing_lines": 2, "excluded_lines": 0, "percent_statements_covered": 0.0, "percent_statements_covered_display": "0", "num_branches": 0, "num_partial_branches": 0, "covered_branches": 0, "missing_branches": 0, "percent_branches_covered": 100.0, "percent_branches_covered_display": "100"}, "missing_lines": [11, 14], "excluded_lines": [], "start_line": 7, "executed_branches": [], "missing_branches": []}, "GrowthStrategistAgent": {"executed_lines": [], "summary": {"covered_lines": 0, "num_statements": 2, "percent_covered": 0.0, "percent_covered_display": "0", "missing_lines": 2, "excluded_lines": 0, "percent_statements_covered": 0.0, "percent_statements_covered_display": "0", "num_branches": 0, "num_partial_branches": 0, "covered_branches": 0, "missing_branches": 0, "percent_branches_covered": 100.0, "percent_branches_covered_display": "100"}, "missing_lines": [30, 33], "excluded_lines": [], "start_line": 26, "executed_branches": [], "missing_branches": []}, "OpsOptimizerAgent": {"executed_lines": [], "summary": {"covered_lines": 0, "num_statements": 2, "percent_covered": 0.0, "percent_covered_display": "0", "missing_lines": 2, "excluded_lines": 0, "percent_statements_covered": 0.0, "percent_statements_covered_display": "0", "num_branches": 0, "num_partial_branches": 0, "covered_branches": 0, "missing_branches": 0, "percent_branches_covered": 100.0, "percent_branches_covered_display": "100"}, "missing_lines": [49, 52], "excluded_lines": [], "start_line": 45, "executed_branches": [], "missing_branches": []}, "ComplianceAgent": {"executed_lines": [], "summary": {"covered_lines": 0, "num_statements": 2, "percent_covered": 0.0, "percent_covered_display": "0", "missing_lines": 2, "excluded_lines": 0, "percent_statements_covered": 0.0, "percent_statements_covered_display": "0", "num_branches": 0, "num_partial_branches": 0, "covered_branches": 0, "missing_branches": 0, "percent_branches_covered": 100.0, "percent_branches_covered_display": "100"}, "missing_lines": [68, 71], "excluded_lines": [], "start_line": 64, "executed_branches": [], "missing_branches": []}, "": {"executed_lines": [], "summary": {"covered_lines": 0, "num_statements": 14, "percent_covered": 0.0, "percent_covered_display": "0", "missing_lines": 14, "excluded_lines": 0, "percent_statements_covered": 0.0, "percent_statements_covered_display": "0", "num_branches": 0, "num_partial_branches": 0, "covered_branches": 0, "missing_branches": 0, "percent_branches_covered": 100.0, "percent_branches_covered_display": "100"}, "missing_lines": [3, 4, 7, 10, 13, 26, 29, 32, 45, 48, 51, 64, 67, 70], "excluded_lines": [], "start_line": 1, "executed_branches": [], "missing_branches": []}}}, "python/multi_agent/base_agent.py": {"executed_lines": [], "summary": {"covered_lines": 0, "num_statements": 128, "percent_covered": 0.0, "percent_covered_display": "0", "missing_lines": 128, "excluded_lines": 4, "percent_statements_covered": 0.0, "percent_statements_covered_display": "0", "num_branches": 24, "num_partial_branches": 0, "covered_branches": 0, "missing_branches": 24, "percent_branches_covered": 0.0, "percent_branches_covered_display": "0"}, "missing_lines": [3, 4, 5, 6, 7, 9, 10, 11, 12, 14, 15, 24, 26, 29, 32, 39, 40, 41, 42, 43, 44, 46, 48, 53, 55, 57, 62, 63, 64, 65, 67, 69, 70, 71, 72, 73, 74, 76, 78, 79, 80, 81, 83, 84, 85, 86, 88, 90, 91, 92, 93, 95, 96, 97, 98, 99, 106, 108, 109, 111, 113, 114, 116, 117, 119, 120, 124, 126, 128, 145, 146, 148, 150, 151, 153, 159, 160, 162, 164, 166, 167, 168, 176, 178, 180, 181, 183, 184, 185, 186, 187, 189, 191, 192, 193, 194, 195, 196, 198, 200, 202, 209, 210, 212, 213, 214, 223, 230, 234, 235, 237, 245, 247, 248, 249, 253, 260, 262, 264, 265, 266, 267, 269, 277, 278, 280, 281, 283], "excluded_lines": [101, 102, 103, 104], "executed_branches": [], "missing_branches": [[63, 64], [63, 65], [69, 70], [69, 71], [72, 73], [72, 74], [84, 85], [84, 86], [96, 97], [96, 98], [167, 168], [167, 176], [180, 181], [180, 183], [185, 186], [185, 187], [191, 192], [191, 193], [193, 194], [193, 195], [195, 196], [195, 198], [265, 266], [265, 267]], "functions": {"BaseAgent.__init__": {"executed_lines": [], "summary": {"covered_lines": 0, "num_statements": 6, "percent_covered": 0.0, "percent_covered_display": "0", "missing_lines": 6, "excluded_lines": 0, "percent_statements_covered": 0.0, "percent_statements_covered_display": "0", "num_branches": 0, "num_partial_branches": 0, "covered_branches": 0, "missing_branches": 0, "percent_branches_covered": 100.0, "percent_branches_covered_display": "100"}, "missing_lines": [39, 40, 41, 42, 43, 44], "excluded_lines": [], "start_line": 32, "executed_branches": [], "missing_branches": []}, "BaseAgent._default_model": {"executed_lines": [], "summary": {"covered_lines": 0, "num_statements": 2, "percent_covered": 0.0, "percent_covered_display": "0", "missing_lines": 2, "excluded_lines": 0, "percent_statements_covered": 0.0, "percent_statements_covered_display": "0", "num_branches": 0, "num_partial_branches": 0, "covered_branches": 0, "missing_branches": 0, "percent_branches_covered": 100.0, "percent_branches_covered_display": "100"}, "missing_lines": [48, 53], "excluded_lines": [], "start_line": 46, "executed_branches": [], "missing_branches": []}, "BaseAgent._init_client": {"executed_lines": [], "summary": {"covered_lines": 0, "num_statements": 5, "percent_covered": 0.0, "percent_covered_display": "0", "missing_lines": 5, "excluded_lines": 0, "percent_statements_covered": 0.0, "percent_statements_covered_display": "0", "num_branches": 2, "num_partial_branches": 0, "covered_branches": 0, "missing_branches": 2, "percent_branches_covered": 0.0, "percent_branches_covered_display": "0"}, "missing_lines": [57, 62, 63, 64, 65], "excluded_lines": [], "start_line": 55, "executed_branches": [], "missing_branches": [[63, 64], [63, 65]]}, "BaseAgent._init_openai_client": {"executed_lines": [], "summary": {"covered_lines": 0, "num_statements": 6, "percent_covered": 0.0, "percent_covered_display": "0", "missing_lines": 6, "excluded_lines": 0, "percent_statements_covered": 0.0, "percent_statements_covered_display": "0", "num_branches": 4, "num_partial_branches": 0, "covered_branches": 0, "missing_branches": 4, "percent_branches_covered": 0.0, "percent_branches_covered_display": "0"}, "missing_lines": [69, 70, 71, 72, 73, 74], "excluded_lines": [], "start_line": 67, "executed_branches": [], "missing_branches": [[69, 70], [69, 71], [72, 73], [72, 74]]}, "BaseAgent._init_anthropic_client": {"executed_lines": [], "summary": {"covered_lines": 0, "num_statements": 8, "percent_covered": 0.0, "percent_covered_display": "0", "missing_lines": 8, "excluded_lines": 0, "percent_statements_covered": 0.0, "percent_statements_covered_display": "0", "num_branches": 2, "num_partial_branches": 0, "covered_branches": 0, "missing_branches": 2, "percent_branches_covered": 0.0, "percent_branches_covered_display": "0"}, "missing_lines": [78, 79, 80, 81, 83, 84, 85, 86], "excluded_lines": [], "start_line": 76, "executed_branches": [], "missing_branches": [[84, 85], [84, 86]]}, "BaseAgent._init_gemini_client": {"executed_lines": [], "summary": {"covered_lines": 0, "num_statements": 9, "percent_covered": 0.0, "percent_covered_display": "0", "missing_lines": 9, "excluded_lines": 0, "percent_statements_covered": 0.0, "percent_statements_covered_display": "0", "num_branches": 2, "num_partial_branches": 0, "covered_branches": 0, "missing_branches": 2, "percent_branches_covered": 0.0, "percent_branches_covered_display": "0"}, "missing_lines": [90, 91, 92, 93, 95, 96, 97, 98, 99], "excluded_lines": [], "start_line": 88, "executed_branches": [], "missing_branches": [[96, 97], [96, 98]]}, "BaseAgent.get_system_prompt": {"executed_lines": [], "summary": {"covered_lines": 0, "num_statements": 0, "percent_covered": 100.0, "percent_covered_display": "100", "missing_lines": 0, "excluded_lines": 2, "percent_statements_covered": 100.0, "percent_statements_covered_display": "100", "num_branches": 0, "num_partial_branches": 0, "covered_branches": 0, "missing_branches": 0, "percent_branches_covered": 100.0, "percent_branches_covered_display": "100"}, "missing_lines": [], "excluded_lines": [103, 104], "start_line": 102, "executed_branches": [], "missing_branches": []}, "BaseAgent.process": {"executed_lines": [], "summary": {"covered_lines": 0, "num_statements": 21, "percent_covered": 0.0, "percent_covered_display": "0", "missing_lines": 21, "excluded_lines": 0, "percent_statements_covered": 0.0, "percent_statements_covered_display": "0", "num_branches": 0, "num_partial_branches": 0, "covered_branches": 0, "missing_branches": 0, "percent_branches_covered": 100.0, "percent_branches_covered_display": "100"}, "missing_lines": [108, 109, 111, 113, 114, 116, 117, 119, 120, 124, 126, 128, 145, 146, 148, 150, 151, 153, 159, 160, 162], "excluded_lines": [], "start_line": 106, "executed_branches": [], "missing_branches": []}, "BaseAgent._sanitize_messages": {"executed_lines": [], "summary": {"covered_lines": 0, "num_statements": 4, "percent_covered": 0.0, "percent_covered_display": "0", "missing_lines": 4, "excluded_lines": 0, "percent_statements_covered": 0.0, "percent_statements_covered_display": "0", "num_branches": 2, "num_partial_branches": 0, "covered_branches": 0, "missing_branches": 2, "percent_branches_covered": 0.0, "percent_branches_covered_display": "0"}, "missing_lines": [166, 167, 168, 176], "excluded_lines": [], "start_line": 164, "executed_branches": [], "missing_branches": [[167, 168], [167, 176]]}, "BaseAgent._build_context_prompt": {"executed_lines": [], "summary": {"covered_lines": 0, "num_statements": 7, "percent_covered": 0.0, "percent_covered_display": "0", "missing_lines": 7, "excluded_lines": 0, "percent_statements_covered": 0.0, "percent_statements_covered_display": "0", "num_branches": 4, "num_partial_branches": 0, "covered_branches": 0, "missing_branches": 4, "percent_branches_covered": 0.0, "percent_branches_covered_display": "0"}, "missing_lines": [180, 181, 183, 184, 185, 186, 187], "excluded_lines": [], "start_line": 178, "executed_branches": [], "missing_branches": [[180, 181], [180, 183], [185, 186], [185, 187]]}, "BaseAgent._call_llm": {"executed_lines": [], "summary": {"covered_lines": 0, "num_statements": 7, "percent_covered": 0.0, "percent_covered_display": "0", "missing_lines": 7, "excluded_lines": 0, "percent_statements_covered": 0.0, "percent_statements_covered_display": "0", "num_branches": 6, "num_partial_branches": 0, "covered_branches": 0, "missing_branches": 6, "percent_branches_covered": 0.0, "percent_branches_covered_display": "0"}, "missing_lines": [191, 192, 193, 194, 195, 196, 198], "excluded_lines": [], "start_line": 189, "executed_branches": [], "missing_branches": [[191, 192], [191, 193], [193, 194], [193, 195], [195, 196], [195, 198]]}, "BaseAgent._call_openai": {"executed_lines": [], "summary": {"covered_lines": 0, "num_statements": 7, "percent_covered": 0.0, "percent_covered_display": "0", "missing_lines": 7, "excluded_lines": 0, "percent_statements_covered": 0.0, "percent_statements_covered_display": "0", "num_branches": 0, "num_partial_branches": 0, "covered_branches": 0, "missing_branches": 0, "percent_branches_covered": 100.0, "percent_branches_covered_display": "100"}, "missing_lines": [202, 209, 210, 212, 213, 214, 223], "excluded_lines": [], "start_line": 200, "executed_branches": [], "missing_branches": []}, "BaseAgent._call_anthropic": {"executed_lines": [], "summary": {"covered_lines": 0, "num_statements": 8, "percent_covered": 0.0, "percent_covered_display": "0", "missing_lines": 8, "excluded_lines": 0, "percent_statements_covered": 0.0, "percent_statements_covered_display": "0", "num_branches": 0, "num_partial_branches": 0, "covered_branches": 0, "missing_branches": 0, "percent_branches_covered": 100.0, "percent_branches_covered_display": "100"}, "missing_lines": [234, 235, 237, 245, 247, 248, 249, 253], "excluded_lines": [], "start_line": 230, "executed_branches": [], "missing_branches": []}, "BaseAgent._call_gemini": {"executed_lines": [], "summary": {"covered_lines": 0, "num_statements": 11, "percent_covered": 0.0, "percent_covered_display": "0", "missing_lines": 11, "excluded_lines": 0, "percent_statements_covered": 0.0, "percent_statements_covered_display": "0", "num_branches": 2, "num_partial_branches": 0, "covered_branches": 0, "missing_branches": 2, "percent_branches_covered": 0.0, "percent_branches_covered_display": "0"}, "missing_lines": [262, 264, 265, 266, 267, 269, 277, 278, 280, 281, 283], "excluded_lines": [], "start_line": 260, "executed_branches": [], "missing_branches": [[265, 266], [265, 267]]}, "": {"executed_lines": [], "summary": {"covered_lines": 0, "num_statements": 27, "percent_covered": 0.0, "percent_covered_display": "0", "missing_lines": 27, "excluded_lines": 2, "percent_statements_covered": 0.0, "percent_statements_covered_display": "0", "num_branches": 0, "num_partial_branches": 0, "covered_branches": 0, "missing_branches": 0, "percent_branches_covered": 100.0, "percent_branches_covered_display": "100"}, "missing_lines": [3, 4, 5, 6, 7, 9, 10, 11, 12, 14, 15, 24, 26, 29, 32, 46, 55, 67, 76, 88, 106, 164, 178, 189, 200, 230, 260], "excluded_lines": [101, 102], "start_line": 1, "executed_branches": [], "missing_branches": []}}, "classes": {"BaseAgent": {"executed_lines": [], "summary": {"covered_lines": 0, "num_statements": 101, "percent_covered": 0.0, "percent_covered_display": "0", "missing_lines": 101, "excluded_lines": 2, "percent_statements_covered": 0.0, "percent_statements_covered_display": "0", "num_branches": 24, "num_partial_branches": 0, "covered_branches": 0, "missing_branches": 24, "percent_branches_covered": 0.0, "percent_branches_covered_display": "0"}, "missing_lines": [39, 40, 41, 42, 43, 44, 48, 53, 57, 62, 63, 64, 65, 69, 70, 71, 72, 73, 74, 78, 79, 80, 81, 83, 84, 85, 86, 90, 91, 92, 93, 95, 96, 97, 98, 99, 108, 109, 111, 113, 114, 116, 117, 119, 120, 124, 126, 128, 145, 146, 148, 150, 151, 153, 159, 160, 162, 166, 167, 168, 176, 180, 181, 183, 184, 185, 186, 187, 191, 192, 193, 194, 195, 196, 198, 202, 209, 210, 212, 213, 214, 223, 234, 235, 237, 245, 247, 248, 249, 253, 262, 264, 265, 266, 267, 269, 277, 278, 280, 281, 283], "excluded_lines": [103, 104], "start_line": 29, "executed_branches": [], "missing_branches": [[63, 64], [63, 65], [69, 70], [69, 71], [72, 73], [72, 74], [84, 85], [84, 86], [96, 97], [96, 98], [167, 168], [167, 176], [180, 181], [180, 183], [185, 186], [185, 187], [191, 192], [191, 193], [193, 194], [193, 195], [195, 196], [195, 198], [265, 266], [265, 267]]}, "": {"executed_lines": [], "summary": {"covered_lines": 0, "num_statements": 27, "percent_covered": 0.0, "percent_covered_display": "0", "missing_lines": 27, "excluded_lines": 2, "percent_statements_covered": 0.0, "percent_statements_covered_display": "0", "num_branches": 0, "num_partial_branches": 0, "covered_branches": 0, "missing_branches": 0, "percent_branches_covered": 100.0, "percent_branches_covered_display": "100"}, "missing_lines": [3, 4, 5, 6, 7, 9, 10, 11, 12, 14, 15, 24, 26, 29, 32, 46, 55, 67, 76, 88, 106, 164, 178, 189, 200, 230, 260], "excluded_lines": [101, 102], "start_line": 1, "executed_branches": [], "missing_branches": []}}}, "python/multi_agent/cli.py": {"executed_lines": [], "summary": {"covered_lines": 0, "num_statements": 83, "percent_covered": 0.0, "percent_covered_display": "0", "missing_lines": 83, "excluded_lines": 2, "percent_statements_covered": 0.0, "percent_statements_covered_display": "0", "num_branches": 12, "num_partial_branches": 0, "covered_branches": 0, "missing_branches": 12, "percent_branches_covered": 0.0, "percent_branches_covered_display": "0"}, "missing_lines": [12, 13, 14, 15, 17, 18, 21, 23, 24, 26, 27, 28, 29, 30, 33, 35, 37, 38, 39, 40, 42, 43, 45, 46, 48, 49, 50, 52, 53, 54, 57, 59, 60, 61, 62, 63, 64, 66, 67, 69, 70, 72, 73, 80, 81, 82, 83, 84, 85, 87, 88, 89, 92, 94, 112, 115, 118, 119, 120, 128, 129, 134, 139, 146, 148, 149, 150, 153, 154, 156, 157, 158, 159, 160, 161, 162, 164, 165, 166, 167, 168, 169, 170], "excluded_lines": [173, 174], "executed_branches": [], "missing_branches": [[27, -21], [27, 28], [38, 39], [38, 42], [148, 149], [148, 153], [153, 154], [153, 156], [156, 157], [156, 164], [164, -92], [164, 165]], "functions": {"list_scenarios": {"executed_lines": [], "summary": {"covered_lines": 0, "num_statements": 7, "percent_covered": 0.0, "percent_covered_display": "0", "missing_lines": 7, "excluded_lines": 0, "percent_statements_covered": 0.0, "percent_statements_covered_display": "0", "num_branches": 2, "num_partial_branches": 0, "covered_branches": 0, "missing_branches": 2, "percent_branches_covered": 0.0, "percent_branches_covered_display": "0"}, "missing_lines": [23, 24, 26, 27, 28, 29, 30], "excluded_lines": [], "start_line": 21, "executed_branches": [], "missing_branches": [[27, -21], [27, 28]]}, "run_scenario": {"executed_lines": [], "summary": {"covered_lines": 0, "num_statements": 15, "percent_covered": 0.0, "percent_covered_display": "0", "missing_lines": 15, "excluded_lines": 0, "percent_statements_covered": 0.0, "percent_statements_covered_display": "0", "num_branches": 2, "num_partial_branches": 0, "covered_branches": 0, "missing_branches": 2, "percent_branches_covered": 0.0, "percent_branches_covered_display": "0"}, "missing_lines": [35, 37, 38, 39, 40, 42, 43, 45, 46, 48, 49, 50, 52, 53, 54], "excluded_lines": [], "start_line": 33, "executed_branches": [], "missing_branches": [[38, 39], [38, 42]]}, "run_agent": {"executed_lines": [], "summary": {"covered_lines": 0, "num_statements": 21, "percent_covered": 0.0, "percent_covered_display": "0", "missing_lines": 21, "excluded_lines": 0, "percent_statements_covered": 0.0, "percent_statements_covered_display": "0", "num_branches": 0, "num_partial_branches": 0, "covered_branches": 0, "missing_branches": 0, "percent_branches_covered": 100.0, "percent_branches_covered_display": "100"}, "missing_lines": [59, 60, 61, 62, 63, 64, 66, 67, 69, 70, 72, 73, 80, 81, 82, 83, 84, 85, 87, 88, 89], "excluded_lines": [], "start_line": 57, "executed_branches": [], "missing_branches": []}, "main": {"executed_lines": [], "summary": {"covered_lines": 0, "num_statements": 30, "percent_covered": 0.0, "percent_covered_display": "0", "missing_lines": 30, "excluded_lines": 0, "percent_statements_covered": 0.0, "percent_statements_covered_display": "0", "num_branches": 8, "num_partial_branches": 0, "covered_branches": 0, "missing_branches": 8, "percent_branches_covered": 0.0, "percent_branches_covered_display": "0"}, "missing_lines": [94, 112, 115, 118, 119, 120, 128, 129, 134, 139, 146, 148, 149, 150, 153, 154, 156, 157, 158, 159, 160, 161, 162, 164, 165, 166, 167, 168, 169, 170], "excluded_lines": [], "start_line": 92, "executed_branches": [], "missing_branches": [[148, 149], [148, 153], [153, 154], [153, 156], [156, 157], [156, 164], [164, -92], [164, 165]]}, "": {"executed_lines": [], "summary": {"covered_lines": 0, "num_statements": 10, "percent_covered": 0.0, "percent_covered_display": "0", "missing_lines": 10, "excluded_lines": 2, "percent_statements_covered": 0.0, "percent_statements_covered_display": "0", "num_branches": 0, "num_partial_branches": 0, "covered_branches": 0, "missing_branches": 0, "percent_branches_covered": 100.0, "percent_branches_covered_display": "100"}, "missing_lines": [12, 13, 14, 15, 17, 18, 21, 33, 57, 92], "excluded_lines": [173, 174], "start_line": 1, "executed_branches": [], "missing_branches": []}}, "classes": {"": {"executed_lines": [], "summary": {"covered_lines": 0, "num_statements": 83, "percent_covered": 0.0, "percent_covered_display": "0", "missing_lines": 83, "excluded_lines": 2, "percent_statements_covered": 0.0, "percent_statements_covered_display": "0", "num_branches": 12, "num_partial_branches": 0, "covered_branches": 0, "missing_branches": 12, "percent_branches_covered": 0.0, "percent_branches_covered_display": "0"}, "missing_lines": [12, 13, 14, 15, 17, 18, 21, 23, 24, 26, 27, 28, 29, 30, 33, 35, 37, 38, 39, 40, 42, 43, 45, 46, 48, 49, 50, 52, 53, 54, 57, 59, 60, 61, 62, 63, 64, 66, 67, 69, 70, 72, 73, 80, 81, 82, 83, 84, 85, 87, 88, 89, 92, 94, 112, 115, 118, 119, 120, 128, 129, 134, 139, 146, 148, 149, 150, 153, 154, 156, 157, 158, 159, 160, 161, 162, 164, 165, 166, 167, 168, 169, 170], "excluded_lines": [173, 174], "start_line": 1, "executed_branches": [], "missing_branches": [[27, -21], [27, 28], [38, 39], [38, 42], [148, 149], [148, 153], [153, 154], [153, 156], [156, 157], [156, 164], [164, -92], [164, 165]]}}}, "python/multi_agent/config.py": {"executed_lines": [], "summary": {"covered_lines": 0, "num_statements": 0, "percent_covered": 100.0, "percent_covered_display": "100", "missing_lines": 0, "excluded_lines": 0, "percent_statements_covered": 100.0, "percent_statements_covered_display": "100", "num_branches": 0, "num_partial_branches": 0, "covered_branches": 0, "missing_branches": 0, "percent_branches_covered": 100.0, "percent_branches_covered_display": "100"}, "missing_lines": [], "excluded_lines": [], "executed_branches": [], "missing_branches": [], "functions": {"": {"executed_lines": [], "summary": {"covered_lines": 0, "num_statements": 0, "percent_covered": 100.0, "percent_covered_display": "100", "missing_lines": 0, "excluded_lines": 0, "percent_statements_covered": 100.0, "percent_statements_covered_display": "100", "num_branches": 0, "num_partial_branches": 0, "covered_branches": 0, "missing_branches": 0, "percent_branches_covered": 100.0, "percent_branches_covered_display": "100"}, "missing_lines": [], "excluded_lines": [], "start_line": 1, "executed_branches": [], "missing_branches": []}}, "classes": {"": {"executed_lines": [], "summary": {"covered_lines": 0, "num_statements": 0, "percent_covered": 100.0, "percent_covered_display": "100", "missing_lines": 0, "excluded_lines": 0, "percent_statements_covered": 100.0, "percent_statements_covered_display": "100", "num_branches": 0, "num_partial_branches": 0, "covered_branches": 0, "missing_branches": 0, "percent_branches_covered": 100.0, "percent_branches_covered_display": "100"}, "missing_lines": [], "excluded_lines": [], "start_line": 1, "executed_branches": [], "missing_branches": []}}}, "python/multi_agent/examples.py": {"executed_lines": [], "summary": {"covered_lines": 0, "num_statements": 140, "percent_covered": 0.0, "percent_covered_display": "0", "missing_lines": 140, "excluded_lines": 2, "percent_statements_covered": 0.0, "percent_statements_covered_display": "0", "num_branches": 22, "num_partial_branches": 0, "covered_branches": 0, "missing_branches": 22, "percent_branches_covered": 0.0, "percent_branches_covered_display": "0"}, "missing_lines": [3, 4, 6, 7, 10, 12, 13, 14, 17, 20, 28, 29, 35, 36, 37, 38, 39, 40, 41, 42, 44, 46, 47, 48, 51, 53, 54, 55, 57, 60, 61, 62, 63, 66, 68, 81, 82, 87, 90, 91, 92, 93, 94, 97, 98, 99, 100, 101, 102, 103, 104, 106, 108, 109, 110, 113, 115, 116, 117, 119, 121, 124, 150, 152, 153, 154, 157, 161, 162, 167, 169, 170, 171, 172, 174, 175, 177, 179, 180, 181, 184, 186, 187, 188, 190, 192, 199, 200, 202, 204, 205, 208, 209, 210, 211, 212, 215, 217, 218, 219, 221, 224, 225, 228, 229, 231, 233, 234, 236, 237, 239, 246, 251, 252, 253, 255, 256, 259, 261, 262, 263, 266, 267, 268, 269, 271, 272, 273, 274, 277, 278, 279, 282, 284, 285, 286, 288, 289, 290, 291], "excluded_lines": [294, 295], "executed_branches": [], "missing_branches": [[61, 62], [61, 66], [90, 91], [90, 97], [91, 92], [91, 93], [169, 170], [169, 174], [170, 169], [170, 171], [209, -184], [209, 210], [211, 209], [211, 212], [224, 225], [224, 228], [228, 229], [228, 231], [233, -215], [233, 234], [266, 267], [266, 271]], "functions": {"example_single_agent": {"executed_lines": [], "summary": {"covered_lines": 0, "num_statements": 19, "percent_covered": 0.0, "percent_covered_display": "0", "missing_lines": 19, "excluded_lines": 0, "percent_statements_covered": 0.0, "percent_statements_covered_display": "0", "num_branches": 0, "num_partial_branches": 0, "covered_branches": 0, "missing_branches": 0, "percent_branches_covered": 100.0, "percent_branches_covered_display": "100"}, "missing_lines": [12, 13, 14, 17, 20, 28, 29, 35, 36, 37, 38, 39, 40, 41, 42, 44, 46, 47, 48], "excluded_lines": [], "start_line": 10, "executed_branches": [], "missing_branches": []}, "example_scenario_execution": {"executed_lines": [], "summary": {"covered_lines": 0, "num_statements": 30, "percent_covered": 0.0, "percent_covered_display": "0", "missing_lines": 30, "excluded_lines": 0, "percent_statements_covered": 0.0, "percent_statements_covered_display": "0", "num_branches": 6, "num_partial_branches": 0, "covered_branches": 0, "missing_branches": 6, "percent_branches_covered": 0.0, "percent_branches_covered_display": "0"}, "missing_lines": [53, 54, 55, 57, 60, 61, 62, 63, 66, 68, 81, 82, 87, 90, 91, 92, 93, 94, 97, 98, 99, 100, 101, 102, 103, 104, 106, 108, 109, 110], "excluded_lines": [], "start_line": 51, "executed_branches": [], "missing_branches": [[61, 62], [61, 66], [90, 91], [90, 97], [91, 92], [91, 93]]}, "example_custom_scenario": {"executed_lines": [], "summary": {"covered_lines": 0, "num_statements": 24, "percent_covered": 0.0, "percent_covered_display": "0", "missing_lines": 24, "excluded_lines": 0, "percent_statements_covered": 0.0, "percent_statements_covered_display": "0", "num_branches": 4, "num_partial_branches": 0, "covered_branches": 0, "missing_branches": 4, "percent_branches_covered": 0.0, "percent_branches_covered_display": "0"}, "missing_lines": [115, 116, 117, 119, 121, 124, 150, 152, 153, 154, 157, 161, 162, 167, 169, 170, 171, 172, 174, 175, 177, 179, 180, 181], "excluded_lines": [], "start_line": 113, "executed_branches": [], "missing_branches": [[169, 170], [169, 174], [170, 169], [170, 171]]}, "example_pii_redaction": {"executed_lines": [], "summary": {"covered_lines": 0, "num_statements": 15, "percent_covered": 0.0, "percent_covered_display": "0", "missing_lines": 15, "excluded_lines": 0, "percent_statements_covered": 0.0, "percent_statements_covered_display": "0", "num_branches": 4, "num_partial_branches": 0, "covered_branches": 0, "missing_branches": 4, "percent_branches_covered": 0.0, "percent_branches_covered_display": "0"}, "missing_lines": [186, 187, 188, 190, 192, 199, 200, 202, 204, 205, 208, 209, 210, 211, 212], "excluded_lines": [], "start_line": 184, "executed_branches": [], "missing_branches": [[209, -184], [209, 210], [211, 209], [211, 212]]}, "example_provider_switching": {"executed_lines": [], "summary": {"covered_lines": 0, "num_statements": 20, "percent_covered": 0.0, "percent_covered_display": "0", "missing_lines": 20, "excluded_lines": 0, "percent_statements_covered": 0.0, "percent_statements_covered_display": "0", "num_branches": 6, "num_partial_branches": 0, "covered_branches": 0, "missing_branches": 6, "percent_branches_covered": 0.0, "percent_branches_covered_display": "0"}, "missing_lines": [217, 218, 219, 221, 224, 225, 228, 229, 231, 233, 234, 236, 237, 239, 246, 251, 252, 253, 255, 256], "excluded_lines": [], "start_line": 215, "executed_branches": [], "missing_branches": [[224, 225], [224, 228], [228, 229], [228, 231], [233, -215], [233, 234]]}, "run_all_examples": {"executed_lines": [], "summary": {"covered_lines": 0, "num_statements": 22, "percent_covered": 0.0, "percent_covered_display": "0", "missing_lines": 22, "excluded_lines": 0, "percent_statements_covered": 0.0, "percent_statements_covered_display": "0", "num_branches": 2, "num_partial_branches": 0, "covered_branches": 0, "missing_branches": 2, "percent_branches_covered": 0.0, "percent_branches_covered_display": "0"}, "missing_lines": [261, 262, 263, 266, 267, 268, 269, 271, 272, 273, 274, 277, 278, 279, 282, 284, 285, 286, 288, 289, 290, 291], "excluded_lines": [], "start_line": 259, "executed_branches": [], "missing_branches": [[266, 267], [266, 271]]}, "": {"executed_lines": [], "summary": {"covered_lines": 0, "num_statements": 10, "percent_covered": 0.0, "percent_covered_display": "0", "missing_lines": 10, "excluded_lines": 2, "percent_statements_covered": 0.0, "percent_statements_covered_display": "0", "num_branches": 0, "num_partial_branches": 0, "covered_branches": 0, "missing_branches": 0, "percent_branches_covered": 100.0, "percent_branches_covered_display": "100"}, "missing_lines": [3, 4, 6, 7, 10, 51, 113, 184, 215, 259], "excluded_lines": [294, 295], "start_line": 1, "executed_branches": [], "missing_branches": []}}, "classes": {"": {"executed_lines": [], "summary": {"covered_lines": 0, "num_statements": 140, "percent_covered": 0.0, "percent_covered_display": "0", "missing_lines": 140, "excluded_lines": 2, "percent_statements_covered": 0.0, "percent_statements_covered_display": "0", "num_branches": 22, "num_partial_branches": 0, "covered_branches": 0, "missing_branches": 22, "percent_branches_covered": 0.0, "percent_branches_covered_display": "0"}, "missing_lines": [3, 4, 6, 7, 10, 12, 13, 14, 17, 20, 28, 29, 35, 36, 37, 38, 39, 40, 41, 42, 44, 46, 47, 48, 51, 53, 54, 55, 57, 60, 61, 62, 63, 66, 68, 81, 82, 87, 90, 91, 92, 93, 94, 97, 98, 99, 100, 101, 102, 103, 104, 106, 108, 109, 110, 113, 115, 116, 117, 119, 121, 124, 150, 152, 153, 154, 157, 161, 162, 167, 169, 170, 171, 172, 174, 175, 177, 179, 180, 181, 184, 186, 187, 188, 190, 192, 199, 200, 202, 204, 205, 208, 209, 210, 211, 212, 215, 217, 218, 219, 221, 224, 225, 228, 229, 231, 233, 234, 236, 237, 239, 246, 251, 252, 253, 255, 256, 259, 261, 262, 263, 266, 267, 268, 269, 271, 272, 273, 274, 277, 278, 279, 282, 284, 285, 286, 288, 289, 290, 291], "excluded_lines": [294, 295], "start_line": 1, "executed_branches": [], "missing_branches": [[61, 62], [61, 66], [90, 91], [90, 97], [91, 92], [91, 93], [169, 170], [169, 174], [170, 169], [170, 171], [209, -184], [209, 210], [211, 209], [211, 212], [224, 225], [224, 228], [228, 229], [228, 231], [233, -215], [233, 234], [266, 267], [266, 271]]}}}, "python/multi_agent/guardrails.py": {"executed_lines": [], "summary": {"covered_lines": 0, "num_statements": 36, "percent_covered": 0.0, "percent_covered_display": "0", "missing_lines": 36, "excluded_lines": 0, "percent_statements_covered": 0.0, "percent_statements_covered_display": "0", "num_branches": 10, "num_partial_branches": 0, "covered_branches": 0, "missing_branches": 10, "percent_branches_covered": 0.0, "percent_branches_covered_display": "0"}, "missing_lines": [3, 4, 6, 7, 8, 9, 12, 15, 23, 24, 26, 27, 28, 29, 31, 32, 34, 36, 37, 39, 40, 41, 42, 43, 45, 46, 48, 49, 50, 51, 52, 53, 54, 55, 57, 58], "excluded_lines": [], "executed_branches": [], "missing_branches": [[27, 28], [27, 29], [49, 50], [49, 58], [50, 51], [50, 52], [52, 53], [52, 54], [54, 55], [54, 57]], "functions": {"Guardrails.redact_pii": {"executed_lines": [], "summary": {"covered_lines": 0, "num_statements": 4, "percent_covered": 0.0, "percent_covered_display": "0", "missing_lines": 4, "excluded_lines": 0, "percent_statements_covered": 0.0, "percent_statements_covered_display": "0", "num_branches": 2, "num_partial_branches": 0, "covered_branches": 0, "missing_branches": 2, "percent_branches_covered": 0.0, "percent_branches_covered_display": "0"}, "missing_lines": [26, 27, 28, 29], "excluded_lines": [], "start_line": 24, "executed_branches": [], "missing_branches": [[27, 28], [27, 29]]}, "Guardrails.validate_input": {"executed_lines": [], "summary": {"covered_lines": 0, "num_statements": 1, "percent_covered": 0.0, "percent_covered_display": "0", "missing_lines": 1, "excluded_lines": 0, "percent_statements_covered": 0.0, "percent_statements_covered_display": "0", "num_branches": 0, "num_partial_branches": 0, "covered_branches": 0, "missing_branches": 0, "percent_branches_covered": 100.0, "percent_branches_covered_display": "100"}, "missing_lines": [34], "excluded_lines": [], "start_line": 32, "executed_branches": [], "missing_branches": []}, "Guardrails.validate_schema": {"executed_lines": [], "summary": {"covered_lines": 0, "num_statements": 5, "percent_covered": 0.0, "percent_covered_display": "0", "missing_lines": 5, "excluded_lines": 0, "percent_statements_covered": 0.0, "percent_statements_covered_display": "0", "num_branches": 0, "num_partial_branches": 0, "covered_branches": 0, "missing_branches": 0, "percent_branches_covered": 100.0, "percent_branches_covered_display": "100"}, "missing_lines": [39, 40, 41, 42, 43], "excluded_lines": [], "start_line": 37, "executed_branches": [], "missing_branches": []}, "Guardrails.sanitize_context": {"executed_lines": [], "summary": {"covered_lines": 0, "num_statements": 10, "percent_covered": 0.0, "percent_covered_display": "0", "missing_lines": 10, "excluded_lines": 0, "percent_statements_covered": 0.0, "percent_statements_covered_display": "0", "num_branches": 8, "num_partial_branches": 0, "covered_branches": 0, "missing_branches": 8, "percent_branches_covered": 0.0, "percent_branches_covered_display": "0"}, "missing_lines": [48, 49, 50, 51, 52, 53, 54, 55, 57, 58], "excluded_lines": [], "start_line": 46, "executed_branches": [], "missing_branches": [[49, 50], [49, 58], [50, 51], [50, 52], [52, 53], [52, 54], [54, 55], [54, 57]]}, "": {"executed_lines": [], "summary": {"covered_lines": 0, "num_statements": 16, "percent_covered": 0.0, "percent_covered_display": "0", "missing_lines": 16, "excluded_lines": 0, "percent_statements_covered": 0.0, "percent_statements_covered_display": "0", "num_branches": 0, "num_partial_branches": 0, "covered_branches": 0, "missing_branches": 0, "percent_branches_covered": 100.0, "percent_branches_covered_display": "100"}, "missing_lines": [3, 4, 6, 7, 8, 9, 12, 15, 23, 24, 31, 32, 36, 37, 45, 46], "excluded_lines": [], "start_line": 1, "executed_branches": [], "missing_branches": []}}, "classes": {"Guardrails": {"executed_lines": [], "summary": {"covered_lines": 0, "num_statements": 20, "percent_covered": 0.0, "percent_covered_display": "0", "missing_lines": 20, "excluded_lines": 0, "percent_statements_covered": 0.0, "percent_statements_covered_display": "0", "num_branches": 10, "num_partial_branches": 0, "covered_branches": 0, "missing_branches": 10, "percent_branches_covered": 0.0, "percent_branches_covered_display": "0"}, "missing_lines": [26, 27, 28, 29, 34, 39, 40, 41, 42, 43, 48, 49, 50, 51, 52, 53, 54, 55, 57, 58], "excluded_lines": [], "start_line": 12, "executed_branches": [], "missing_branches": [[27, 28], [27, 29], [49, 50], [49, 58], [50, 51], [50, 52], [52, 53], [52, 54], [54, 55], [54, 57]]}, "": {"executed_lines": [], "summary": {"covered_lines": 0, "num_statements": 16, "percent_covered": 0.0, "percent_covered_display": "0", "missing_lines": 16, "excluded_lines": 0, "percent_statements_covered": 0.0, "percent_statements_covered_display": "0", "num_branches": 0, "num_partial_branches": 0, "covered_branches": 0, "missing_branches": 0, "percent_branches_covered": 100.0, "percent_branches_covered_display": "100"}, "missing_lines": [3, 4, 6, 7, 8, 9, 12, 15, 23, 24, 31, 32, 36, 37, 45, 46], "excluded_lines": [], "start_line": 1, "executed_branches": [], "missing_branches": []}}}, "python/multi_agent/orchestrator.py": {"executed_lines": [], "summary": {"covered_lines": 0, "num_statements": 54, "percent_covered": 0.0, "percent_covered_display": "0", "missing_lines": 54, "excluded_lines": 0, "percent_statements_covered": 0.0, "percent_statements_covered_display": "0", "num_branches": 8, "num_partial_branches": 0, "covered_branches": 0, "missing_branches": 8, "percent_branches_covered": 0.0, "percent_branches_covered_display": "0"}, "missing_lines": [3, 4, 6, 7, 8, 18, 20, 23, 26, 37, 38, 39, 40, 42, 44, 59, 61, 142, 162, 163, 164, 166, 173, 175, 191, 192, 193, 195, 196, 197, 199, 203, 205, 208, 209, 217, 218, 220, 224, 225, 226, 229, 231, 234, 237, 245, 251, 253, 255, 256, 258, 260, 262, 264], "excluded_lines": [], "executed_branches": [], "missing_branches": [[163, 164], [163, 166], [192, 193], [192, 195], [203, 205], [203, 237], [225, 226], [225, 231]], "functions": {"MultiAgentOrchestrator.__init__": {"executed_lines": [], "summary": {"covered_lines": 0, "num_statements": 4, "percent_covered": 0.0, "percent_covered_display": "0", "missing_lines": 4, "excluded_lines": 0, "percent_statements_covered": 0.0, "percent_statements_covered_display": "0", "num_branches": 0, "num_partial_branches": 0, "covered_branches": 0, "missing_branches": 0, "percent_branches_covered": 100.0, "percent_branches_covered_display": "100"}, "missing_lines": [37, 38, 39, 40], "excluded_lines": [], "start_line": 26, "executed_branches": [], "missing_branches": []}, "MultiAgentOrchestrator._init_agents": {"executed_lines": [], "summary": {"covered_lines": 0, "num_statements": 1, "percent_covered": 0.0, "percent_covered_display": "0", "missing_lines": 1, "excluded_lines": 0, "percent_statements_covered": 0.0, "percent_statements_covered_display": "0", "num_branches": 0, "num_partial_branches": 0, "covered_branches": 0, "missing_branches": 0, "percent_branches_covered": 100.0, "percent_branches_covered_display": "100"}, "missing_lines": [44], "excluded_lines": [], "start_line": 42, "executed_branches": [], "missing_branches": []}, "MultiAgentOrchestrator._init_scenarios": {"executed_lines": [], "summary": {"covered_lines": 0, "num_statements": 1, "percent_covered": 0.0, "percent_covered_display": "0", "missing_lines": 1, "excluded_lines": 0, "percent_statements_covered": 0.0, "percent_statements_covered_display": "0", "num_branches": 0, "num_partial_branches": 0, "covered_branches": 0, "missing_branches": 0, "percent_branches_covered": 100.0, "percent_branches_covered_display": "100"}, "missing_lines": [61], "excluded_lines": [], "start_line": 59, "executed_branches": [], "missing_branches": []}, "MultiAgentOrchestrator.run_agent": {"executed_lines": [], "summary": {"covered_lines": 0, "num_statements": 5, "percent_covered": 0.0, "percent_covered_display": "0", "missing_lines": 5, "excluded_lines": 0, "percent_statements_covered": 0.0, "percent_statements_covered_display": "0", "num_branches": 2, "num_partial_branches": 0, "covered_branches": 0, "missing_branches": 2, "percent_branches_covered": 0.0, "percent_branches_covered_display": "0"}, "missing_lines": [162, 163, 164, 166, 173], "excluded_lines": [], "start_line": 142, "executed_branches": [], "missing_branches": [[163, 164], [163, 166]]}, "MultiAgentOrchestrator.run_scenario": {"executed_lines": [], "summary": {"covered_lines": 0, "num_statements": 23, "percent_covered": 0.0, "percent_covered_display": "0", "missing_lines": 23, "excluded_lines": 0, "percent_statements_covered": 0.0, "percent_statements_covered_display": "0", "num_branches": 6, "num_partial_branches": 0, "covered_branches": 0, "missing_branches": 6, "percent_branches_covered": 0.0, "percent_branches_covered_display": "0"}, "missing_lines": [191, 192, 193, 195, 196, 197, 199, 203, 205, 208, 209, 217, 218, 220, 224, 225, 226, 229, 231, 234, 237, 245, 251], "excluded_lines": [], "start_line": 175, "executed_branches": [], "missing_branches": [[192, 193], [192, 195], [203, 205], [203, 237], [225, 226], [225, 231]]}, "MultiAgentOrchestrator.add_scenario": {"executed_lines": [], "summary": {"covered_lines": 0, "num_statements": 2, "percent_covered": 0.0, "percent_covered_display": "0", "missing_lines": 2, "excluded_lines": 0, "percent_statements_covered": 0.0, "percent_statements_covered_display": "0", "num_branches": 0, "num_partial_branches": 0, "covered_branches": 0, "missing_branches": 0, "percent_branches_covered": 100.0, "percent_branches_covered_display": "100"}, "missing_lines": [255, 256], "excluded_lines": [], "start_line": 253, "executed_branches": [], "missing_branches": []}, "MultiAgentOrchestrator.list_scenarios": {"executed_lines": [], "summary": {"covered_lines": 0, "num_statements": 1, "percent_covered": 0.0, "percent_covered_display": "0", "missing_lines": 1, "excluded_lines": 0, "percent_statements_covered": 0.0, "percent_statements_covered_display": "0", "num_branches": 0, "num_partial_branches": 0, "covered_branches": 0, "missing_branches": 0, "percent_branches_covered": 100.0, "percent_branches_covered_display": "100"}, "missing_lines": [260], "excluded_lines": [], "start_line": 258, "executed_branches": [], "missing_branches": []}, "MultiAgentOrchestrator.get_scenario": {"executed_lines": [], "summary": {"covered_lines": 0, "num_statements": 1, "percent_covered": 0.0, "percent_covered_display": "0", "missing_lines": 1, "excluded_lines": 0, "percent_statements_covered": 0.0, "percent_statements_covered_display": "0", "num_branches": 0, "num_partial_branches": 0, "covered_branches": 0, "missing_branches": 0, "percent_branches_covered": 100.0, "percent_branches_covered_display": "100"}, "missing_lines": [264], "excluded_lines": [], "start_line": 262, "executed_branches": [], "missing_branches": []}, "": {"executed_lines": [], "summary": {"covered_lines": 0, "num_statements": 16, "percent_covered": 0.0, "percent_covered_display": "0", "missing_lines": 16, "excluded_lines": 0, "percent_statements_covered": 0.0, "percent_statements_covered_display": "0", "num_branches": 0, "num_partial_branches": 0, "covered_branches": 0, "missing_branches": 0, "percent_branches_covered": 100.0, "percent_branches_covered_display": "100"}, "missing_lines": [3, 4, 6, 7, 8, 18, 20, 23, 26, 42, 59, 142, 175, 253, 258, 262], "excluded_lines": [], "start_line": 1, "executed_branches": [], "missing_branches": []}}, "classes": {"MultiAgentOrchestrator": {"executed_lines": [], "summary": {"covered_lines": 0, "num_statements": 38, "percent_covered": 0.0, "percent_covered_display": "0", "missing_lines": 38, "excluded_lines": 0, "percent_statements_covered": 0.0, "percent_statements_covered_display": "0", "num_branches": 8, "num_partial_branches": 0, "covered_branches": 0, "missing_branches": 8, "percent_branches_covered": 0.0, "percent_branches_covered_display": "0"}, "missing_lines": [37, 38, 39, 40, 44, 61, 162, 163, 164, 166, 173, 191, 192, 193, 195, 196, 197, 199, 203, 205, 208, 209, 217, 218, 220, 224, 225, 226, 229, 231, 234, 237, 245, 251, 255, 256, 260, 264], "excluded_lines": [], "start_line": 23, "executed_branches": [], "missing_branches": [[163, 164], [163, 166], [192, 193], [192, 195], [203, 205], [203, 237], [225, 226], [225, 231]]}, "": {"executed_lines": [], "summary": {"covered_lines": 0, "num_statements": 16, "percent_covered": 0.0, "percent_covered_display": "0", "missing_lines": 16, "excluded_lines": 0, "percent_statements_covered": 0.0, "percent_statements_covered_display": "0", "num_branches": 0, "num_partial_branches": 0, "covered_branches": 0, "missing_branches": 0, "percent_branches_covered": 100.0, "percent_branches_covered_display": "100"}, "missing_lines": [3, 4, 6, 7, 8, 18, 20, 23, 26, 42, 59, 142, 175, 253, 258, 262], "excluded_lines": [], "start_line": 1, "executed_branches": [], "missing_branches": []}}}, "python/multi_agent/protocol.py": {"executed_lines": [], "summary": {"covered_lines": 0, "num_statements": 76, "percent_covered": 0.0, "percent_covered_display": "0", "missing_lines": 76, "excluded_lines": 0, "percent_statements_covered": 0.0, "percent_statements_covered_display": "0", "num_branches": 0, "num_partial_branches": 0, "covered_branches": 0, "missing_branches": 0, "percent_branches_covered": 100.0, "percent_branches_covered_display": "100"}, "missing_lines": [3, 5, 6, 7, 9, 10, 11, 12, 13, 16, 19, 20, 21, 22, 23, 24, 27, 30, 31, 32, 35, 38, 39, 40, 41, 44, 47, 48, 49, 50, 53, 56, 57, 58, 59, 62, 65, 66, 67, 68, 69, 70, 71, 72, 73, 76, 79, 80, 81, 82, 83, 84, 85, 86, 87, 88, 89, 90, 93, 96, 97, 98, 99, 100, 101, 104, 107, 108, 109, 110, 111, 114, 117, 118, 119, 120], "excluded_lines": [], "executed_branches": [], "missing_branches": [], "functions": {"": {"executed_lines": [], "summary": {"covered_lines": 0, "num_statements": 76, "percent_covered": 0.0, "percent_covered_display": "0", "missing_lines": 76, "excluded_lines": 0, "percent_statements_covered": 0.0, "percent_statements_covered_display": "0", "num_branches": 0, "num_partial_branches": 0, "covered_branches": 0, "missing_branches": 0, "percent_branches_covered": 100.0, "percent_branches_covered_display": "100"}, "missing_lines": [3, 5, 6, 7, 9, 10, 11, 12, 13, 16, 19, 20, 21, 22, 23, 24, 27, 30, 31, 32, 35, 38, 39, 40, 41, 44, 47, 48, 49, 50, 53, 56, 57, 58, 59, 62, 65, 66, 67, 68, 69, 70, 71, 72, 73, 76, 79, 80, 81, 82, 83, 84, 85, 86, 87, 88, 89, 90, 93, 96, 97, 98, 99, 100, 101, 104, 107, 108, 109, 110, 111, 114, 117, 118, 119, 120], "excluded_lines": []
[...]
": 0.0, "percent_statements_covered_display": "0", "num_branches": 0, "num_partial_branches": 0, "covered_branches": 0, "missing_branches": 0, "percent_branches_covered": 100.0, "percent_branches_covered_display": "100"}, "missing_lines": [3, 4, 5, 6, 7, 9, 10, 11, 13, 14, 15, 17, 19, 22, 25, 31, 32, 37, 54, 75, 89, 112, 125, 129, 133], "excluded_lines": [], "start_line": 1, "executed_branches": [], "missing_branches": []}}}, "python/schemas.py": {"executed_lines": [], "summary": {"covered_lines": 0, "num_statements": 39, "percent_covered": 0.0, "percent_covered_display": "0", "missing_lines": 39, "excluded_lines": 0, "percent_statements_covered": 0.0, "percent_statements_covered_display": "0", "num_branches": 30, "num_partial_branches": 0, "covered_branches": 0, "missing_branches": 30, "percent_branches_covered": 0.0, "percent_branches_covered_display": "0"}, "missing_lines": [1, 2, 4, 6, 8, 22, 25, 31, 32, 33, 36, 37, 38, 40, 41, 42, 44, 46, 47, 48, 52, 53, 54, 55, 57, 58, 59, 60, 61, 62, 65, 67, 68, 69, 71, 72, 73, 74, 75], "excluded_lines": [], "executed_branches": [], "missing_branches": [[31, 32], [31, 36], [32, 31], [32, 33], [36, 37], [36, 40], [37, 38], [37, 40], [40, 41], [40, 44], [41, 42], [41, 44], [44, 46], [44, 52], [47, 48], [47, 52], [52, 53], [52, 57], [54, 55], [54, 57], [58, 59], [58, 62], [60, 58], [60, 61], [68, 69], [68, 75], [69, 68], [69, 71], [72, 68], [72, 73]], "functions": {"validate_ingestion_contract": {"executed_lines": [], "summary": {"covered_lines": 0, "num_statements": 23, "percent_covered": 0.0, "percent_covered_display": "0", "missing_lines": 23, "excluded_lines": 0, "percent_statements_covered": 0.0, "percent_statements_covered_display": "0", "num_branches": 24, "num_partial_branches": 0, "covered_branches": 0, "missing_branches": 24, "percent_branches_covered": 0.0, "percent_branches_covered_display": "0"}, "missing_lines": [31, 32, 33, 36, 37, 38, 40, 41, 42, 44, 46, 47, 48, 52, 53, 54, 55, 57, 58, 59, 60, 61, 62], "excluded_lines": [], "start_line": 25, "executed_branches": [], "missing_branches": [[31, 32], [31, 36], [32, 31], [32, 33], [36, 37], [36, 40], [37, 38], [37, 40], [40, 41], [40, 44], [41, 42], [41, 44], [44, 46], [44, 52], [47, 48], [47, 52], [52, 53], [52, 57], [54, 55], [54, 57], [58, 59], [58, 62], [60, 58], [60, 61]]}, "assert_healthy": {"executed_lines": [], "summary": {"covered_lines": 0, "num_statements": 8, "percent_covered": 0.0, "percent_covered_display": "0", "missing_lines": 8, "excluded_lines": 0, "percent_statements_covered": 0.0, "percent_statements_covered_display": "0", "num_branches": 6, "num_partial_branches": 0, "covered_branches": 0, "missing_branches": 6, "percent_branches_covered": 0.0, "percent_branches_covered_display": "0"}, "missing_lines": [67, 68, 69, 71, 72, 73, 74, 75], "excluded_lines": [], "start_line": 65, "executed_branches": [], "missing_branches": [[68, 69], [68, 75], [69, 68], [69, 71], [72, 68], [72, 73]]}, "": {"executed_lines": [], "summary": {"covered_lines": 0, "num_statements": 8, "percent_covered": 0.0, "percent_covered_display": "0", "missing_lines": 8, "excluded_lines": 0, "percent_statements_covered": 0.0, "percent_statements_covered_display": "0", "num_branches": 0, "num_partial_branches": 0, "covered_branches": 0, "missing_branches": 0, "percent_branches_covered": 100.0, "percent_branches_covered_display": "100"}, "missing_lines": [1, 2, 4, 6, 8, 22, 25, 65], "excluded_lines": [], "start_line": 1, "executed_branches": [], "missing_branches": []}}, "classes": {"": {"executed_lines": [], "summary": {"covered_lines": 0, "num_statements": 39, "percent_covered": 0.0, "percent_covered_display": "0", "missing_lines": 39, "excluded_lines": 0, "percent_statements_covered": 0.0, "percent_statements_covered_display": "0", "num_branches": 30, "num_partial_branches": 0, "covered_branches": 0, "missing_branches": 30, "percent_branches_covered": 0.0, "percent_branches_covered_display": "0"}, "missing_lines": [1, 2, 4, 6, 8, 22, 25, 31, 32, 33, 36, 37, 38, 40, 41, 42, 44, 46, 47, 48, 52, 53, 54, 55, 57, 58, 59, 60, 61, 62, 65, 67, 68, 69, 71, 72, 73, 74, 75], "excluded_lines": [], "start_line": 1, "executed_branches": [], "missing_branches": [[31, 32], [31, 36], [32, 31], [32, 33], [36, 37], [36, 40], [37, 38], [37, 40], [40, 41], [40, 44], [41, 42], [41, 44], [44, 46], [44, 52], [47, 48], [47, 52], [52, 53], [52, 57], [54, 55], [54, 57], [58, 59], [58, 62], [60, 58], [60, 61], [68, 69], [68, 75], [69, 68], [69, 71], [72, 68], [72, 73]]}}}, "python/testing/__init__.py": {"executed_lines": [], "summary": {"covered_lines": 0, "num_statements": 0, "percent_covered": 100.0, "percent_covered_display": "100", "missing_lines": 0, "excluded_lines": 0, "percent_statements_covered": 100.0, "percent_statements_covered_display": "100", "num_branches": 0, "num_partial_branches": 0, "covered_branches": 0, "missing_branches": 0, "percent_branches_covered": 100.0, "percent_branches_covered_display": "100"}, "missing_lines": [], "excluded_lines": [], "executed_branches": [], "missing_branches": [], "functions": {"": {"executed_lines": [], "summary": {"covered_lines": 0, "num_statements": 0, "percent_covered": 100.0, "percent_covered_display": "100", "missing_lines": 0, "excluded_lines": 0, "percent_statements_covered": 100.0, "percent_statements_covered_display": "100", "num_branches": 0, "num_partial_branches": 0, "covered_branches": 0, "missing_branches": 0, "percent_branches_covered": 100.0, "percent_branches_covered_display": "100"}, "missing_lines": [], "excluded_lines": [], "start_line": 1, "executed_branches": [], "missing_branches": []}}, "classes": {"": {"executed_lines": [], "summary": {"covered_lines": 0, "num_statements": 0, "percent_covered": 100.0, "percent_covered_display": "100", "missing_lines": 0, "excluded_lines": 0, "percent_statements_covered": 100.0, "percent_statements_covered_display": "100", "num_branches": 0, "num_partial_branches": 0, "covered_branches": 0, "missing_branches": 0, "percent_branches_covered": 100.0, "percent_branches_covered_display": "100"}, "missing_lines": [], "excluded_lines": [], "start_line": 1, "executed_branches": [], "missing_branches": []}}}, "python/validation.py": {"executed_lines": [], "summary": {"covered_lines": 0, "num_statements": 125, "percent_covered": 0.0, "percent_covered_display": "0", "missing_lines": 125, "excluded_lines": 0, "percent_statements_covered": 0.0, "percent_statements_covered_display": "0", "num_branches": 86, "num_partial_branches": 0, "covered_branches": 0, "missing_branches": 86, "percent_branches_covered": 0.0, "percent_branches_covered_display": "0"}, "missing_lines": [5, 6, 7, 9, 10, 12, 15, 16, 21, 22, 25, 26, 27, 28, 29, 30, 31, 32, 33, 34, 35, 38, 39, 40, 48, 49, 50, 51, 52, 53, 54, 55, 58, 59, 62, 71, 72, 73, 74, 75, 76, 77, 78, 79, 80, 81, 82, 84, 85, 86, 87, 88, 89, 90, 91, 92, 93, 96, 104, 105, 106, 107, 108, 109, 110, 111, 114, 128, 129, 130, 131, 133, 134, 135, 136, 139, 146, 147, 148, 149, 150, 151, 152, 153, 154, 157, 161, 162, 164, 167, 170, 175, 177, 184, 185, 188, 196, 198, 199, 200, 202, 203, 204, 205, 208, 209, 212, 220, 222, 223, 224, 225, 227, 228, 229, 232, 239, 241, 244, 245, 246, 248, 249, 250, 251], "excluded_lines": [], "executed_branches": [], "missing_branches": [[26, 27], [26, 28], [29, 30], [29, 32], [30, 31], [30, 32], [33, 34], [33, 35], [49, 50], [49, 51], [51, 52], [51, 53], [53, 54], [53, 55], [71, 72], [71, 84], [72, 73], [72, 76], [74, 75], [74, 76], [76, 77], [76, 82], [77, 78], [77, 82], [78, 79], [78, 80], [80, 77], [80, 81], [84, 85], [84, 90], [86, 87], [86, 90], [87, 88], [87, 89], [90, -62], [90, 91], [91, -62], [91, 92], [104, 105], [104, 108], [106, 107], [106, 108], [108, -96], [108, 109], [109, -96], [109, 110], [130, 131], [130, 136], [131, 130], [131, 133], [146, 147], [146, 148], [149, 150], [149, 154], [150, 149], [150, 151], [161, 162], [161, 167], [162, 161], [162, 164], [175, 177], [175, 185], [198, 199], [198, 202], [199, 198], [199, 200], [202, 203], [202, 209], [203, 202], [203, 204], [204, 203], [204, 205], [205, 204], [205, 208], [220, 222], [220, 223], [224, 225], [224, 229], [225, 224], [225, 227], [239, 241], [239, 244], [245, 246], [245, 251], [246, 245], [246, 248]], "functions": {"_missing_columns": {"executed_lines": [], "summary": {"covered_lines": 0, "num_statements": 1, "percent_covered": 0.0, "percent_covered_display": "0", "missing_lines": 1, "excluded_lines": 0, "percent_statements_covered": 0.0, "percent_statements_covered_display": "0", "num_branches": 0, "num_partial_branches": 0, "covered_branches": 0, "missing_branches": 0, "percent_branches_covered": 100.0, "percent_branches_covered_display": "100"}, "missing_lines": [22], "excluded_lines": [], "start_line": 21, "executed_branches": [], "missing_branches": []}, "_validate_numeric_column": {"executed_lines": [], "summary": {"covered_lines": 0, "num_statements": 10, "percent_covered": 0.0, "percent_covered_display": "0", "missing_lines": 10, "excluded_lines": 0, "percent_statements_covered": 0.0, "percent_statements_covered_display": "0", "num_branches": 8, "num_partial_branches": 0, "covered_branches": 0, "missing_branches": 8, "percent_branches_covered": 0.0, "percent_branches_covered_display": "0"}, "missing_lines": [26, 27, 28, 29, 30, 31, 32, 33, 34, 35], "excluded_lines": [], "start_line": 25, "executed_branches": [], "missing_branches": [[26, 27], [26, 28], [29, 30], [29, 32], [30, 31], [30, 32], [33, 34], [33, 35]]}, "_default_percentage_columns": {"executed_lines": [], "summary": {"covered_lines": 0, "num_statements": 2, "percent_covered": 0.0, "percent_covered_display": "0", "missing_lines": 2, "excluded_lines": 0, "percent_statements_covered": 0.0, "percent_statements_covered_display": "0", "num_branches": 0, "num_partial_branches": 0, "covered_branches": 0, "missing_branches": 0, "percent_branches_covered": 100.0, "percent_branches_covered_display": "100"}, "missing_lines": [39, 40], "excluded_lines": [], "start_line": 38, "executed_branches": [], "missing_branches": []}, "_is_iso8601_value": {"executed_lines": [], "summary": {"covered_lines": 0, "num_statements": 7, "percent_covered": 0.0, "percent_covered_display": "0", "missing_lines": 7, "excluded_lines": 0, "percent_statements_covered": 0.0, "percent_statements_covered_display": "0", "num_branches": 6, "num_partial_branches": 0, "covered_branches": 0, "missing_branches": 6, "percent_branches_covered": 0.0, "percent_branches_covered_display": "0"}, "missing_lines": [49, 50, 51, 52, 53, 54, 55], "excluded_lines": [], "start_line": 48, "executed_branches": [], "missing_branches": [[49, 50], [49, 51], [51, 52], [51, 53], [53, 54], [53, 55]]}, "validate_dataframe": {"executed_lines": [], "summary": {"covered_lines": 0, "num_statements": 22, "percent_covered": 0.0, "percent_covered_display": "0", "missing_lines": 22, "excluded_lines": 0, "percent_statements_covered": 0.0, "percent_statements_covered_display": "0", "num_branches": 24, "num_partial_branches": 0, "covered_branches": 0, "missing_branches": 24, "percent_branches_covered": 0.0, "percent_branches_covered_display": "0"}, "missing_lines": [71, 72, 73, 74, 75, 76, 77, 78, 79, 80, 81, 82, 84, 85, 86, 87, 88, 89, 90, 91, 92, 93], "excluded_lines": [], "start_line": 62, "executed_branches": [], "missing_branches": [[71, 72], [71, 84], [72, 73], [72, 76], [74, 75], [74, 76], [76, 77], [76, 82], [77, 78], [77, 82], [78, 79], [78, 80], [80, 77], [80, 81], [84, 85], [84, 90], [86, 87], [86, 90], [87, 88], [87, 89], [90, -62], [90, 91], [91, -62], [91, 92]]}, "assert_dataframe_schema": {"executed_lines": [], "summary": {"covered_lines": 0, "num_statements": 8, "percent_covered": 0.0, "percent_covered_display": "0", "missing_lines": 8, "excluded_lines": 0, "percent_statements_covered": 0.0, "percent_statements_covered_display": "0", "num_branches": 8, "num_partial_branches": 0, "covered_branches": 0, "missing_branches": 8, "percent_branches_covered": 0.0, "percent_branches_covered_display": "0"}, "missing_lines": [104, 105, 106, 107, 108, 109, 110, 111], "excluded_lines": [], "start_line": 96, "executed_branches": [], "missing_branches": [[104, 105], [104, 108], [106, 107], [106, 108], [108, -96], [108, 109], [109, -96], [109, 110]]}, "validate_numeric_bounds": {"executed_lines": [], "summary": {"covered_lines": 0, "num_statements": 8, "percent_covered": 0.0, "percent_covered_display": "0", "missing_lines": 8, "excluded_lines": 0, "percent_statements_covered": 0.0, "percent_statements_covered_display": "0", "num_branches": 4, "num_partial_branches": 0, "covered_branches": 0, "missing_branches": 4, "percent_branches_covered": 0.0, "percent_branches_covered_display": "0"}, "missing_lines": [128, 129, 130, 131, 133, 134, 135, 136], "excluded_lines": [], "start_line": 114, "executed_branches": [], "missing_branches": [[130, 131], [130, 136], [131, 130], [131, 133]]}, "validate_percentage_bounds": {"executed_lines": [], "summary": {"covered_lines": 0, "num_statements": 9, "percent_covered": 0.0, "percent_covered_display": "0", "missing_lines": 9, "excluded_lines": 0, "percent_statements_covered": 0.0, "percent_statements_covered_display": "0", "num_branches": 6, "num_partial_branches": 0, "covered_branches": 0, "missing_branches": 6, "percent_branches_covered": 0.0, "percent_branches_covered_display": "0"}, "missing_lines": [146, 147, 148, 149, 150, 151, 152, 153, 154], "excluded_lines": [], "start_line": 139, "executed_branches": [], "missing_branches": [[146, 147], [146, 148], [149, 150], [149, 154], [150, 149], [150, 151]]}, "safe_numeric_polars": {"executed_lines": [], "summary": {"covered_lines": 0, "num_statements": 4, "percent_covered": 0.0, "percent_covered_display": "0", "missing_lines": 4, "excluded_lines": 0, "percent_statements_covered": 0.0, "percent_statements_covered_display": "0", "num_branches": 4, "num_partial_branches": 0, "covered_branches": 0, "missing_branches": 4, "percent_branches_covered": 0.0, "percent_branches_covered_display": "0"}, "missing_lines": [161, 162, 164, 167], "excluded_lines": [], "start_line": 157, "executed_branches": [], "missing_branches": [[161, 162], [161, 167], [162, 161], [162, 164]]}, "safe_numeric": {"executed_lines": [], "summary": {"covered_lines": 0, "num_statements": 4, "percent_covered": 0.0, "percent_covered_display": "0", "missing_lines": 4, "excluded_lines": 0, "percent_statements_covered": 0.0, "percent_statements_covered_display": "0", "num_branches": 2, "num_partial_branches": 0, "covered_branches": 0, "missing_branches": 2, "percent_branches_covered": 0.0, "percent_branches_covered_display": "0"}, "missing_lines": [175, 177, 184, 185], "excluded_lines": [], "start_line": 170, "executed_branches": [], "missing_branches": [[175, 177], [175, 185]]}, "find_column": {"executed_lines": [], "summary": {"covered_lines": 0, "num_statements": 10, "percent_covered": 0.0, "percent_covered_display": "0", "missing_lines": 10, "excluded_lines": 0, "percent_statements_covered": 0.0, "percent_statements_covered_display": "0", "num_branches": 12, "num_partial_branches": 0, "covered_branches": 0, "missing_branches": 12, "percent_branches_covered": 0.0, "percent_branches_covered_display": "0"}, "missing_lines": [196, 198, 199, 200, 202, 203, 204, 205, 208, 209], "excluded_lines": [], "start_line": 188, "executed_branches": [], "missing_branches": [[198, 199], [198, 202], [199, 198], [199, 200], [202, 203], [202, 209], [203, 202], [203, 204], [204, 203], [204, 205], [205, 204], [205, 208]]}, "validate_iso8601_dates": {"executed_lines": [], "summary": {"covered_lines": 0, "num_statements": 8, "percent_covered": 0.0, "percent_covered_display": "0", "missing_lines": 8, "excluded_lines": 0, "percent_statements_covered": 0.0, "percent_statements_covered_display": "0", "num_branches": 6, "num_partial_branches": 0, "covered_branches": 0, "missing_branches": 6, "percent_branches_covered": 0.0, "percent_branches_covered_display": "0"}, "missing_lines": [220, 222, 223, 224, 225, 227, 228, 229], "excluded_lines": [], "start_line": 212, "executed_branches": [], "missing_branches": [[220, 222], [220, 223], [224, 225], [224, 229], [225, 224], [225, 227]]}, "validate_monotonic_increasing": {"executed_lines": [], "summary": {"covered_lines": 0, "num_statements": 9, "percent_covered": 0.0, "percent_covered_display": "0", "missing_lines": 9, "excluded_lines": 0, "percent_statements_covered": 0.0, "percent_statements_covered_display": "0", "num_branches": 6, "num_partial_branches": 0, "covered_branches": 0, "missing_branches": 6, "percent_branches_covered": 0.0, "percent_branches_covered_display": "0"}, "missing_lines": [239, 241, 244, 245, 246, 248, 249, 250, 251], "excluded_lines": [], "start_line": 232, "executed_branches": [], "missing_branches": [[239, 241], [239, 244], [245, 246], [245, 251], [246, 245], [246, 248]]}, "": {"executed_lines": [], "summary": {"covered_lines": 0, "num_statements": 23, "percent_covered": 0.0, "percent_covered_display": "0", "missing_lines": 23, "excluded_lines": 0, "percent_statements_covered": 0.0, "percent_statements_covered_display": "0", "num_branches": 0, "num_partial_branches": 0, "covered_branches": 0, "missing_branches": 0, "percent_branches_covered": 100.0, "percent_branches_covered_display": "100"}, "missing_lines": [5, 6, 7, 9, 10, 12, 15, 16, 21, 25, 38, 48, 58, 59, 62, 96, 114, 139, 157, 170, 188, 212, 232], "excluded_lines": [], "start_line": 1, "executed_branches": [], "missing_branches": []}}, "classes": {"": {"executed_lines": [], "summary": {"covered_lines": 0, "num_statements": 125, "percent_covered": 0.0, "percent_covered_display": "0", "missing_lines": 125, "excluded_lines": 0, "percent_statements_covered": 0.0, "percent_statements_covered_display": "0", "num_branches": 86, "num_partial_branches": 0, "covered_branches": 0, "missing_branches": 86, "percent_branches_covered": 0.0, "percent_branches_covered_display": "0"}, "missing_lines": [5, 6, 7, 9, 10, 12, 15, 16, 21, 22, 25, 26, 27, 28, 29, 30, 31, 32, 33, 34, 35, 38, 39, 40, 48, 49, 50, 51, 52, 53, 54, 55, 58, 59, 62, 71, 72, 73, 74, 75, 76, 77, 78, 79, 80, 81, 82, 84, 85, 86, 87, 88, 89, 90, 91, 92, 93, 96, 104, 105, 106, 107, 108, 109, 110, 111, 114, 128, 129, 130, 131, 133, 134, 135, 136, 139, 146, 147, 148, 149, 150, 151, 152, 153, 154, 157, 161, 162, 164, 167, 170, 175, 177, 184, 185, 188, 196, 198, 199, 200, 202, 203, 204, 205, 208, 209, 212, 220, 222, 223, 224, 225, 227, 228, 229, 232, 239, 241, 244, 245, 246, 248, 249, 250, 251], "excluded_lines": [], "start_line": 1, "executed_branches": [], "missing_branches": [[26, 27], [26, 28], [29, 30], [29, 32], [30, 31], [30, 32], [33, 34], [33, 35], [49, 50], [49, 51], [51, 52], [51, 53], [53, 54], [53, 55], [71, 72], [71, 84], [72, 73], [72, 76], [74, 75], [74, 76], [76, 77], [76, 82], [77, 78], [77, 82], [78, 79], [78, 80], [80, 77], [80, 81], [84, 85], [84, 90], [86, 87], [86, 90], [87, 88], [87, 89], [90, -62], [90, 91], [91, -62], [91, 92], [104, 105], [104, 108], [106, 107], [106, 108], [108, -96], [108, 109], [109, -96], [109, 110], [130, 131], [130, 136], [131, 130], [131, 133], [146, 147], [146, 148], [149, 150], [149, 154], [150, 149], [150, 151], [161, 162], [161, 167], [162, 161], [162, 164], [175, 177], [175, 185], [198, 199], [198, 202], [199, 198], [199, 200], [202, 203], [202, 209], [203, 202], [203, 204], [204, 203], [204, 205], [205, 204], [205, 208], [220, 222], [220, 223], [224, 225], [224, 229], [225, 224], [225, 227], [239, 241], [239, 244], [245, 246], [245, 251], [246, 245], [246, 248]]}}}}, "totals": {"covered_lines": 78, "num_statements": 1127, "percent_covered": 5.989773557341125, "percent_covered_display": "6", "missing_lines": 1049, "excluded_lines": 8, "percent_statements_covered": 6.921029281277728, "percent_statements_covered_display": "7", "num_branches": 242, "num_partial_branches": 2, "covered_branches": 4, "missing_branches": 238, "percent_branches_covered": 1.6528925619834711, "percent_branches_covered_display": "2"}}