============================= test session starts ==============================
platform darwin -- Python 3.9.6, pytest-8.4.2, pluggy-1.6.0
rootdir: /Users/jenineferderas/Documents/abaco-loans-analytics
configfile: pytest.ini
plugins: mock-3.15.1, anyio-4.12.0, hypothesis-6.141.1, timeout-2.4.0, typeguard-4.4.4, Faker-37.12.0, requests-mock-1.12.1, cov-7.0.0
collected 401 items / 3 skipped

tests/api/test_path_safety.py ....                                       [  0%]
tests/data_tests/test_kpi_contracts.py ...                               [  1%]
tests/data_tests/test_kpi_regression_robust.py ...                       [  2%]
tests/data_tests/test_kpi_stat_advanced.py ...                           [  3%]
tests/data_tests/test_kpi_stat_extra.py ..                               [  3%]
tests/evaluation/test_model_evaluation.py .sssss.......ss                [  7%]
tests/fi-analytics/test_analytics_integration.py .....                   [  8%]
tests/fi-analytics/test_analytics_kpi_correctness.py s.....              [ 10%]
tests/fi-analytics/test_analytics_performance.py ...                     [ 10%]
tests/fi-analytics/test_analytics_smoke.py ....                          [ 11%]
tests/fi-analytics/test_analytics_unit_coverage.py ss.....               [ 13%]
tests/ingestion/test_archive.py .                                        [ 13%]
tests/ingestion/test_basics.py ...                                       [ 14%]
tests/ingestion/test_behavior.py ....                                    [ 15%]
tests/ingestion/test_formats.py ...                                      [ 16%]
tests/ingestion/test_looker.py .....                                     [ 17%]
tests/ingestion/test_quality.py ...                                      [ 18%]
tests/integration/test_figma_sync_requests_mock.py ..                    [ 18%]
tests/scripts/test_load_secrets.py .                                     [ 19%]
tests/test_analytics_metrics.py ................                         [ 23%]
tests/test_api_kpis.py .                                                 [ 23%]
tests/test_aum_growth.py ...                                             [ 24%]
tests/test_clients.py .......                                            [ 25%]
tests/test_collection_rate.py ....                                       [ 26%]
tests/test_compliance.py ....                                            [ 27%]
tests/test_dashboard_utils.py ..                                         [ 28%]
tests/test_dataframe_assertions.py ..                                    [ 28%]
tests/test_demo_scripts.py ...                                           [ 29%]
tests/test_deployment_e2e.py ...                                         [ 30%]
tests/test_enterprise_analytics_engine.py ............                   [ 33%]
tests/test_enterprise_analytics_engine_extended.py ..................    [ 37%]
tests/test_export_scripts.py .                                           [ 38%]
tests/test_feedback_and_tracing.py ..                                    [ 38%]
tests/test_financial_analysis.py ..........                              [ 41%]
tests/test_generate_markdown_report.py ..                                [ 41%]
tests/test_ingestion.py ............                                     [ 44%]
tests/test_kpi_base.py .........                                         [ 46%]
tests/test_kpi_calculators_v2.py ..........                              [ 49%]
tests/test_kpi_edge_cases.py ....                                        [ 50%]
tests/test_kpi_engine.py .....                                           [ 51%]
tests/test_kpi_engine_v2.py .....                                        [ 52%]
tests/test_kpis_integration.py .                                         [ 53%]
tests/test_manifest_segmentation.py .                                    [ 53%]
tests/test_metrics_utils.py ....                                         [ 54%]
tests/test_metrics_utils_extended.py ..............                      [ 57%]
tests/test_metrics_validation.py ..                                      [ 58%]
tests/test_output_triggers.py .                                          [ 58%]
tests/test_par_30.py ....                                                [ 59%]
tests/test_par_90.py ....                                                [ 60%]
tests/test_paths.py ..................                                   [ 65%]
tests/test_pipeline.py ....                                              [ 66%]
tests/test_pipeline_integration.py ...                                   [ 66%]
tests/test_pipeline_orchestrator.py ......                               [ 68%]
tests/test_pr_status.py ...                                              [ 69%]
tests/test_repo_maturity_summary.py .....                                [ 70%]
tests/test_requests_compat.py .                                          [ 70%]
tests/test_run_data_pipeline.py ....                                     [ 71%]
tests/test_run_scoring.py ..............                                 [ 75%]
tests/test_secrets_manager.py .............                              [ 78%]
tests/test_segmentation_summary.py ..                                    [ 78%]
tests/test_standalone_ai.py ..                                           [ 79%]
tests/test_standalone_ai_engine.py ...                                   [ 80%]
tests/test_sync_kpi_table_to_figma.py ....                               [ 81%]
tests/test_tracing_setup.py ....                                         [ 82%]
tests/test_transformation.py ..........                                  [ 84%]
tests/test_trigger_workflows.py .......                                  [ 86%]
tests/test_update_playwright.py .                                        [ 86%]
tests/test_update_playwright_idempotency.py ..                           [ 87%]
tests/test_update_playwright_integration.py ..                           [ 87%]
tests/test_update_playwright_safe.py ..                                  [ 88%]
tests/test_validation.py ....................                            [ 93%]
tests/unit/test_abaco_pipeline_cli_write_audit.py ..                     [ 93%]
tests/unit/test_abaco_pipeline_output.py .                               [ 93%]
tests/unit/test_abaco_pipeline_quality.py ..                             [ 94%]
tests/unit/test_abaco_pipeline_supabase_writer.py ..                     [ 94%]
python/tests/test_archive_failure.py .                                   [ 95%]
python/tests/test_data_quality_report.py ...                             [ 95%]
python/tests/test_ingest_behavior.py ....                                [ 96%]
python/tests/test_ingest_file_strict.py .                                [ 97%]
python/tests/test_ingestion.py ....                                      [ 98%]
python/tests/test_ingestion_extra.py ...                                 [ 98%]
python/tests/test_looker_financials_dir.py .                             [ 99%]
python/tests/test_looker_strategies.py ...                               [ 99%]
python/tests/test_requests_compat.py .
ERROR: Coverage failure: total of 47 is less than fail-under=85
                                                                         [100%]

=============================== warnings summary ===============================
../../Library/Python/3.9/lib/python/site-packages/httplib2/auth.py:19
  /Users/jenineferderas/Library/Python/3.9/lib/python/site-packages/httplib2/auth.py:19: DeprecationWarning: 'setName' deprecated - use 'set_name'
    token = pp.Word(tchar).setName("token")

../../Library/Python/3.9/lib/python/site-packages/httplib2/auth.py:20
  /Users/jenineferderas/Library/Python/3.9/lib/python/site-packages/httplib2/auth.py:20: DeprecationWarning: 'leaveWhitespace' deprecated - use 'leave_whitespace'
    token68 = pp.Combine(pp.Word("-._~+/" + pp.nums + pp.alphas) + pp.Optional(pp.Word("=").leaveWhitespace())).setName(

../../Library/Python/3.9/lib/python/site-packages/httplib2/auth.py:20
  /Users/jenineferderas/Library/Python/3.9/lib/python/site-packages/httplib2/auth.py:20: DeprecationWarning: 'setName' deprecated - use 'set_name'
    token68 = pp.Combine(pp.Word("-._~+/" + pp.nums + pp.alphas) + pp.Optional(pp.Word("=").leaveWhitespace())).setName(

../../Library/Python/3.9/lib/python/site-packages/httplib2/auth.py:24
  /Users/jenineferderas/Library/Python/3.9/lib/python/site-packages/httplib2/auth.py:24: DeprecationWarning: 'setName' deprecated - use 'set_name'
    quoted_string = pp.dblQuotedString.copy().setName("quoted-string").setParseAction(unquote)

../../Library/Python/3.9/lib/python/site-packages/httplib2/auth.py:24
  /Users/jenineferderas/Library/Python/3.9/lib/python/site-packages/httplib2/auth.py:24: DeprecationWarning: 'setParseAction' deprecated - use 'set_parse_action'
    quoted_string = pp.dblQuotedString.copy().setName("quoted-string").setParseAction(unquote)

../../Library/Python/3.9/lib/python/site-packages/httplib2/auth.py:25
  /Users/jenineferderas/Library/Python/3.9/lib/python/site-packages/httplib2/auth.py:25: DeprecationWarning: 'setName' deprecated - use 'set_name'
    auth_param_name = token.copy().setName("auth-param-name").addParseAction(downcaseTokens)

../../Library/Python/3.9/lib/python/site-packages/httplib2/auth.py:25
  /Users/jenineferderas/Library/Python/3.9/lib/python/site-packages/httplib2/auth.py:25: DeprecationWarning: 'addParseAction' deprecated - use 'add_parse_action'
    auth_param_name = token.copy().setName("auth-param-name").addParseAction(downcaseTokens)

../../Library/Python/3.9/lib/python/site-packages/httplib2/auth.py:27
  /Users/jenineferderas/Library/Python/3.9/lib/python/site-packages/httplib2/auth.py:27: DeprecationWarning: 'delimitedList' deprecated - use 'DelimitedList'
    params = pp.Dict(pp.delimitedList(pp.Group(auth_param)))

../../Library/Python/3.9/lib/python/site-packages/httplib2/auth.py:33
  /Users/jenineferderas/Library/Python/3.9/lib/python/site-packages/httplib2/auth.py:33: DeprecationWarning: 'delimitedList' deprecated - use 'DelimitedList'
    www_authenticate = pp.delimitedList(pp.Group(challenge))

../../Library/Python/3.9/lib/python/site-packages/matplotlib/_fontconfig_pattern.py:64
  /Users/jenineferderas/Library/Python/3.9/lib/python/site-packages/matplotlib/_fontconfig_pattern.py:64: DeprecationWarning: 'oneOf' deprecated - use 'one_of'
    prop = Group((name + Suppress("=") + comma_separated(value)) | oneOf(_CONSTANTS))

../../Library/Python/3.9/lib/python/site-packages/matplotlib/_fontconfig_pattern.py:85
../../Library/Python/3.9/lib/python/site-packages/matplotlib/_fontconfig_pattern.py:85
../../Library/Python/3.9/lib/python/site-packages/matplotlib/_fontconfig_pattern.py:85
../../Library/Python/3.9/lib/python/site-packages/matplotlib/_fontconfig_pattern.py:85
../../Library/Python/3.9/lib/python/site-packages/matplotlib/_fontconfig_pattern.py:85
../../Library/Python/3.9/lib/python/site-packages/matplotlib/_fontconfig_pattern.py:85
  /Users/jenineferderas/Library/Python/3.9/lib/python/site-packages/matplotlib/_fontconfig_pattern.py:85: DeprecationWarning: 'parseString' deprecated - use 'parse_string'
    parse = parser.parseString(pattern)

../../Library/Python/3.9/lib/python/site-packages/matplotlib/_fontconfig_pattern.py:89
../../Library/Python/3.9/lib/python/site-packages/matplotlib/_fontconfig_pattern.py:89
../../Library/Python/3.9/lib/python/site-packages/matplotlib/_fontconfig_pattern.py:89
../../Library/Python/3.9/lib/python/site-packages/matplotlib/_fontconfig_pattern.py:89
../../Library/Python/3.9/lib/python/site-packages/matplotlib/_fontconfig_pattern.py:89
../../Library/Python/3.9/lib/python/site-packages/matplotlib/_fontconfig_pattern.py:89
  /Users/jenineferderas/Library/Python/3.9/lib/python/site-packages/matplotlib/_fontconfig_pattern.py:89: DeprecationWarning: 'resetCache' deprecated - use 'reset_cache'
    parser.resetCache()

../../Library/Python/3.9/lib/python/site-packages/matplotlib/_mathtext.py:45
  /Users/jenineferderas/Library/Python/3.9/lib/python/site-packages/matplotlib/_mathtext.py:45: DeprecationWarning: 'enablePackrat' deprecated - use 'enable_packrat'
    ParserElement.enablePackrat()

../../Library/Python/3.9/lib/python/site-packages/pyiceberg/expressions/parser.py:72
  /Users/jenineferderas/Library/Python/3.9/lib/python/site-packages/pyiceberg/expressions/parser.py:72: DeprecationWarning: 'enablePackrat' deprecated - use 'enable_packrat'
    ParserElement.enablePackrat()

../../Library/Python/3.9/lib/python/site-packages/pyiceberg/expressions/parser.py:85
  /Users/jenineferderas/Library/Python/3.9/lib/python/site-packages/pyiceberg/expressions/parser.py:85: DeprecationWarning: 'escChar' argument is deprecated, use 'esc_char'
    quoted_identifier = QuotedString('"', escChar="\\", unquoteResults=True)

../../Library/Python/3.9/lib/python/site-packages/pyiceberg/expressions/parser.py:85
  /Users/jenineferderas/Library/Python/3.9/lib/python/site-packages/pyiceberg/expressions/parser.py:85: DeprecationWarning: 'unquoteResults' argument is deprecated, use 'unquote_results'
    quoted_identifier = QuotedString('"', escChar="\\", unquoteResults=True)

../../Library/Python/3.9/lib/python/site-packages/pyiceberg/table/metadata.py:366
  /Users/jenineferderas/Library/Python/3.9/lib/python/site-packages/pyiceberg/table/metadata.py:366: PydanticDeprecatedSince212: Using `@model_validator` with mode='after' on a classmethod is deprecated. Instead, use an instance method. See the documentation at https://docs.pydantic.dev/2.12/concepts/validators/#model-after-validator. Deprecated in Pydantic V2.12 to be removed in V3.0.
    def construct_refs(cls, data: TableMetadataV1) -> TableMetadataV1:

../../Library/Python/3.9/lib/python/site-packages/pyiceberg/table/metadata.py:495
  /Users/jenineferderas/Library/Python/3.9/lib/python/site-packages/pyiceberg/table/metadata.py:495: PydanticDeprecatedSince212: Using `@model_validator` with mode='after' on a classmethod is deprecated. Instead, use an instance method. See the documentation at https://docs.pydantic.dev/2.12/concepts/validators/#model-after-validator. Deprecated in Pydantic V2.12 to be removed in V3.0.
    def check_schemas(cls, table_metadata: TableMetadata) -> TableMetadata:

../../Library/Python/3.9/lib/python/site-packages/pyiceberg/table/metadata.py:499
  /Users/jenineferderas/Library/Python/3.9/lib/python/site-packages/pyiceberg/table/metadata.py:499: PydanticDeprecatedSince212: Using `@model_validator` with mode='after' on a classmethod is deprecated. Instead, use an instance method. See the documentation at https://docs.pydantic.dev/2.12/concepts/validators/#model-after-validator. Deprecated in Pydantic V2.12 to be removed in V3.0.
    def check_partition_specs(cls, table_metadata: TableMetadata) -> TableMetadata:

../../Library/Python/3.9/lib/python/site-packages/pyiceberg/table/metadata.py:503
  /Users/jenineferderas/Library/Python/3.9/lib/python/site-packages/pyiceberg/table/metadata.py:503: PydanticDeprecatedSince212: Using `@model_validator` with mode='after' on a classmethod is deprecated. Instead, use an instance method. See the documentation at https://docs.pydantic.dev/2.12/concepts/validators/#model-after-validator. Deprecated in Pydantic V2.12 to be removed in V3.0.
    def check_sort_orders(cls, table_metadata: TableMetadata) -> TableMetadata:

../../Library/Python/3.9/lib/python/site-packages/pyiceberg/table/metadata.py:507
  /Users/jenineferderas/Library/Python/3.9/lib/python/site-packages/pyiceberg/table/metadata.py:507: PydanticDeprecatedSince212: Using `@model_validator` with mode='after' on a classmethod is deprecated. Instead, use an instance method. See the documentation at https://docs.pydantic.dev/2.12/concepts/validators/#model-after-validator. Deprecated in Pydantic V2.12 to be removed in V3.0.
    def construct_refs(cls, table_metadata: TableMetadata) -> TableMetadata:

../../Library/Python/3.9/lib/python/site-packages/pyiceberg/table/metadata.py:539
  /Users/jenineferderas/Library/Python/3.9/lib/python/site-packages/pyiceberg/table/metadata.py:539: PydanticDeprecatedSince212: Using `@model_validator` with mode='after' on a classmethod is deprecated. Instead, use an instance method. See the documentation at https://docs.pydantic.dev/2.12/concepts/validators/#model-after-validator. Deprecated in Pydantic V2.12 to be removed in V3.0.
    def check_schemas(cls, table_metadata: TableMetadata) -> TableMetadata:

../../Library/Python/3.9/lib/python/site-packages/pyiceberg/table/metadata.py:543
  /Users/jenineferderas/Library/Python/3.9/lib/python/site-packages/pyiceberg/table/metadata.py:543: PydanticDeprecatedSince212: Using `@model_validator` with mode='after' on a classmethod is deprecated. Instead, use an instance method. See the documentation at https://docs.pydantic.dev/2.12/concepts/validators/#model-after-validator. Deprecated in Pydantic V2.12 to be removed in V3.0.
    def check_partition_specs(cls, table_metadata: TableMetadata) -> TableMetadata:

../../Library/Python/3.9/lib/python/site-packages/pyiceberg/table/metadata.py:547
  /Users/jenineferderas/Library/Python/3.9/lib/python/site-packages/pyiceberg/table/metadata.py:547: PydanticDeprecatedSince212: Using `@model_validator` with mode='after' on a classmethod is deprecated. Instead, use an instance method. See the documentation at https://docs.pydantic.dev/2.12/concepts/validators/#model-after-validator. Deprecated in Pydantic V2.12 to be removed in V3.0.
    def check_sort_orders(cls, table_metadata: TableMetadata) -> TableMetadata:

../../Library/Python/3.9/lib/python/site-packages/pyiceberg/table/metadata.py:551
  /Users/jenineferderas/Library/Python/3.9/lib/python/site-packages/pyiceberg/table/metadata.py:551: PydanticDeprecatedSince212: Using `@model_validator` with mode='after' on a classmethod is deprecated. Instead, use an instance method. See the documentation at https://docs.pydantic.dev/2.12/concepts/validators/#model-after-validator. Deprecated in Pydantic V2.12 to be removed in V3.0.
    def construct_refs(cls, table_metadata: TableMetadata) -> TableMetadata:

tests/fi-analytics/test_analytics_integration.py::TestAnalyticsIntegration::test_d01_otlp_span_generation
  /Users/jenineferderas/Library/Python/3.9/lib/python/site-packages/pandera/_pandas_deprecated.py:160: FutureWarning: Importing pandas-specific classes and functions from the
  top-level pandera module will be **removed in a future version of pandera**.
  If you're using pandera to validate pandas objects, we highly recommend updating
  your import:
  
  ```
  # old import
  import pandera as pa
  
  # new import
  import pandera.pandas as pa
  ```
  
  If you're using pandera to validate objects from other compatible libraries
  like pyspark or polars, see the supported libraries section of the documentation
  for more information on how to import pandera:
  
  https://pandera.readthedocs.io/en/stable/supported_libraries.html
  
  To disable this warning, set the environment variable:
  
  ```
  export DISABLE_PANDERA_IMPORT_WARNING=True
  ```
  
    warnings.warn(_future_warning, FutureWarning)

-- Docs: https://docs.pytest.org/en/stable/how-to/capture-warnings.html
================================ tests coverage ================================
_______________ coverage: platform darwin, python 3.9.6-final-0 ________________

Name                                             Stmts   Miss Branch BrPart  Cover   Missing
--------------------------------------------------------------------------------------------
python/pipeline/ingestion.py                       285     65     60     14    73%   20-21, 99-104, 154-157, 199, 209-220, 224, 227, 232, 237, 249-254, 264, 269, 281-282, 288, 295-296, 307, 348-349, 369-370, 372-373, 378-402, 455-461, 468-470, 475-477
python/pipeline/looker.py                          114     10     36      8    87%   46-47, 50, 66, 69-71, 76, 85->84, 116, 159, 167->171
python/pipeline/transformation.py                    2      0      0      0   100%
python/pipeline/utils.py                            81     11     20      7    82%   20, 23-25, 55-57, 82->89, 85-86, 92, 113->111, 115
python/pipeline/validation.py                       93     11     52      6    87%   9-11, 28, 46-49, 51->58, 55, 98->102, 106, 116
python/tests/test_archive_failure.py                13      0      0      0   100%
python/tests/test_data_quality_report.py            23      0      0      0   100%
python/tests/test_ingest_behavior.py                55      1      4      1    97%   39
python/tests/test_ingest_file_strict.py              9      0      0      0   100%
python/tests/test_ingestion.py                      57      0      0      0   100%
python/tests/test_ingestion_extra.py                32      1      0      0    97%   57
python/tests/test_looker_financials_dir.py          12      0      0      0   100%
python/tests/test_looker_strategies.py              34      0      4      0   100%
python/tests/test_requests_compat.py                14      0      0      0   100%
src/_is_valid_iso8601.py                            14     14      4      0     0%   1-19
src/abaco_pipeline/__init__.py                       2      0      0      0   100%
src/abaco_pipeline/abaco_pipeline/__init__.py        2      2      0      0     0%   3-5
src/abaco_pipeline/abaco_pipeline/main.py            1      1      0      0     0%   3
src/abaco_pipeline/ingestion/archive.py             28     14      0      0    50%   13, 17-18, 28-32, 38-43
src/abaco_pipeline/ingestion/cascade_client.py      10     10      2      0     0%   11-25
src/abaco_pipeline/ingestion/endpoints.py           12     12      2      0     0%   3-19
src/abaco_pipeline/kpi/builtins.py                   3      3      0      0     0%   3-7
src/abaco_pipeline/kpi/registry.py                  17     17      2      0     0%   6-29
src/abaco_pipeline/logging.py                       10      1      0      0    90%   18
src/abaco_pipeline/main.py                         260    161     62      5    34%   32, 38, 83, 97, 101-103, 126-128, 132-133, 137-154, 158-184, 191-493, 553
src/abaco_pipeline/models/cascade.py                 6      6      0      0     0%   3-12
src/abaco_pipeline/models/kpis.py                   11     11      0      0     0%   3-18
src/abaco_pipeline/output/manifests.py              18      0      0      0   100%
src/abaco_pipeline/output/supabase_writer.py        45      4      8      4    85%   45->47, 76, 85, 93, 104
src/abaco_pipeline/output/writers.py                 6      6      0      0     0%   9-17
src/abaco_pipeline/quality/gates.py                 54     41     22      0    17%   16-46, 50-68
src/abaco_pipeline/settings.py                       9      9      0      0     0%   3-22
src/abaco_pipeline/tracing.py                        4      4      0      0     0%   3-9
src/abaco_pipeline/transform/normalize.py            4      4      0      0     0%   3-9
src/abaco_pipeline/transform/to_frames.py            4      4      0      0     0%   3-14
src/abaco_runtime/standalone_ai.py                  58      6     10      2    88%   50-55, 68, 101-103
src/abaco_runtime/standalone_ai_engine.py           23      0      4      0   100%
src/agent_output_storage.py                         18     18      2      0     0%   1-32
src/agents/__init__.py                               6      0      0      0   100%
src/agents/agent.py                                 47     37     10      0    18%   20-26, 29-35, 54-96
src/agents/brand_agent.py                           18     18      0      0     0%   1-35
src/agents/c_suite_agent.py                         49     49      0      0     0%   3-99
src/agents/customer_agent.py                        18     18      0      0     0%   1-37
src/agents/financial_agent.py                       19     19      0      0     0%   1-38
src/agents/growth_agent.py                          35     20      0      0    43%   20, 29-32, 36-40, 44-68
src/agents/investor_agent.py                        18     18      0      0     0%   1-37
src/agents/learning.py                              48     14     10      1    71%   19-32, 61, 68, 72-79
src/agents/llm_provider.py                          25     12      0      0    52%   9-11, 23-25, 30-31, 36, 41-42, 46
src/agents/market_agent.py                          18     18      0      0     0%   1-37
src/agents/ops_agent.py                             18     18      0      0     0%   1-37
src/agents/orchestrator.py                          79     46      8      0    38%   40, 45-57, 65-126, 135-155
src/agents/output_storage.py                        18     18      2      0     0%   1-32
src/agents/outputs.py                               20     20      0      0     0%   1-36
src/agents/product_agent.py                         18     18      0      0     0%   1-35
src/agents/risk_agent.py                            19     19      0      0     0%   1-38
src/agents/sales_agent.py                           18     18      0      0     0%   1-35
src/agents/talent_agent.py                          18     18      0      0     0%   1-37
src/agents/tools.py                                129     65     14      0    45%   12, 15, 38, 41, 57, 75-108, 127-156, 179-190, 208-211, 224-227, 242, 259, 273-285, 297, 319, 340, 349, 367, 390, 407, 419, 435-442, 456, 473, 491
src/analytics/__init__.py                            4      0      0      0   100%
src/analytics/business_rules.py                    113     62     30      0    36%   24, 61, 65-80, 93-99, 105-147, 159-160, 166-171, 175-177, 181
src/analytics/enterprise_analytics_engine.py       118      1     20      4    96%   18, 81->80, 91->exit, 194->196, 196->199
src/analytics/feature_engineering.py                20     13      6      0    27%   11-13, 27-47
src/analytics/financial_analysis.py                155     28     54     14    80%   26, 30, 32-33, 95-96, 98-99, 101-102, 114-116, 130-132, 148-149, 167-172, 198-199, 204->202, 212, 254, 260, 284->281
src/analytics/kpi_calculator_complete.py           197    167     50      0    12%   26-29, 38-65, 71, 75-84, 88-98, 107-135, 141-163, 167-178, 184-200, 204-221, 227-233, 237, 247-254, 260-268, 272-282, 288-300, 304-309, 315-354, 366-371, 377-429
src/analytics/kpi_catalog_processor.py             703    703    224      0     0%   2-1550
src/analytics/kri_calculator.py                     41     41      6      0     0%   1-91
src/analytics/meta_agent_analysis.py                73     73      2      0     0%   10-116
src/analytics/metrics_utils.py                      85      1     26      2    97%   57->56, 148
src/analytics/projections.py                        10      0      2      0   100%
src/analytics/quality_score.py                      13     11      0      0    15%   10-21
src/analytics/run_pipeline.py                      134    134     28      0     0%   8-240
src/analytics/run_scoring.py                        78     14     20      3    83%   16, 121-126, 146-147, 153-154, 156-157, 159-160
src/analytics/schema.py                             25      2      0      0    92%   28, 46
src/analytics_metrics.py                            40     18      4      2    55%   19, 26-32, 37-38, 43-44, 49-50, 55-56, 61-62
src/api/main.py                                     43     19     10      2    57%   9-16, 27, 41-42, 47->exit, 51, 56-68
src/compat/requests_fix.py                          31     14     12      1    51%   10-11, 26-27, 34-36, 39-46
src/compliance.py                                   43     30     12      0    24%   22-26, 30-32, 41-66, 76-85, 95, 106-108
src/config/paths.py                                 75      7     20      3    89%   17, 36, 55, 59, 78, 88, 105
src/config/secrets.py                               81     12     30      5    83%   78->exit, 83, 103, 113-120, 171, 190
src/financial_analysis.py                          155    155     54      0     0%   1-287
src/ingest/__init__.py                              28     28      2      0     0%   6-46
src/integrations/__init__.py                         6      0      0      0   100%
src/integrations/azure_outputs.py                  206    166     52      2    16%   27-28, 42-44, 53-60, 64-74, 78-92, 101-129, 138-160, 164-166, 175-198, 207-231, 240-253, 258-265, 272-288, 298-301, 322, 337, 341-365, 389-411, 415-433
src/integrations/batch_export_runner.py            111     74     22      2    29%   63-72, 76-82, 86, 100-112, 116-127, 131-144, 148-169, 173-178, 182-194, 202-240
src/integrations/figma_client.py                    95     79     30      0    13%   26-35, 39-52, 56-58, 62-74, 78-105, 109-155, 163-182, 195-221
src/integrations/meta_client.py                     99     84     24      0    12%   31-39, 43-52, 61-96, 103-123, 132-175, 184-213, 228-261
src/integrations/notion_client.py                  102     88     32      0    10%   29-40, 44-53, 63-110, 114-197, 205-227, 235-288, 307-342
src/integrations/supabase_client.py                113     96     34      0    12%   25-26, 33-47, 55-87, 97-123, 131-159, 163-180, 197-231
src/integrations/unified_output_manager.py         118     70     44      5    33%   47-49, 53-55, 59-61, 65-67, 71-73, 77-79, 85, 92-95, 101, 108, 116, 139-183, 192-195, 205-209, 222-229, 233-249, 253-266
src/kpis/__init__.py                                 2      0      0      0   100%
src/kpis/active_clients.py                          20      4      8      3    75%   22, 29->33, 36-39
src/kpis/actual_yield.py                            25      7     10      4    63%   23, 39->41, 41->44, 47-57
src/kpis/aum.py                                     22      1      6      1    93%   23
src/kpis/base.py                                    20      0      0      0   100%
src/kpis/churn_rate.py                              22      9      6      2    54%   22, 32-45
src/kpis/collection_rate.py                         23      0      8      0   100%
src/kpis/concentration.py                           26      9     12      4    61%   22, 31->37, 35, 41-52
src/kpis/default_rate.py                            17      1      4      1    90%   22
src/kpis/dti.py                                     24      2      4      2    86%   28, 38
src/kpis/engine.py                                  99      6     22      7    89%   85, 105, 122, 125, 146, 154->164, 158->164, 161->164, 181
src/kpis/growth.py                                   7      0      2      0   100%
src/kpis/ltv.py                                     24      2      4      2    86%   28, 38
src/kpis/par_30.py                                  33      0      8      0   100%
src/kpis/par_90.py                                  21      0      4      0   100%
src/kpis/portfolio_health.py                        13      0      0      0   100%
src/kpis/portfolio_yield.py                         23      3      6      3    79%   25, 32, 39
src/kpis/recurrence.py                              26      9      8      3    59%   23, 37->41, 44-57
src/kpis/segmentation_summary.py                    41      8     18      7    75%   52-56, 59, 67, 70, 73, 76
src/kpis/weighted_apr.py                            28     10     12      4    60%   23, 32->39, 37, 42-57
src/pipeline/__init__.py                             6      0      0      0   100%
src/pipeline/compliance.py                          43      5     12      2    84%   23, 30-32, 61
src/pipeline/config_manager.py                      44      4     12      2    89%   36-38, 69
src/pipeline/data_ingestion.py                     256     59     52     13    75%   55-62, 66-72, 76-83, 87-92, 95-98, 186, 194-195, 201-202, 208-209, 222, 226-227, 240->261, 249-255, 268, 315-316, 327, 361, 367, 372, 376, 446, 452
src/pipeline/data_transformation.py                148     59     38      7    53%   40-42, 45-46, 50-96, 100, 109, 128-133, 140-156, 166->168, 168->170, 176->186, 182-184, 188, 237-240
src/pipeline/data_validation.py                    150     46     72      5    65%   52, 57-61, 66, 134, 172->171, 189->188, 195, 207-217, 222->224, 233-246, 251-256, 261-273
src/pipeline/data_validation_gx.py                  55     55     10      0     0%   3-113
src/pipeline/ingestion_validator.py                 68      7     24      3    85%   25-26, 33-36, 48->54, 55
src/pipeline/init_gx.py                             13     13      2      0     0%   1-37
src/pipeline/kpi_calculation.py                    163    111     58      5    26%   32-34, 37-42, 56-58, 63-90, 104-127, 142-184, 192-206, 218, 224-245
src/pipeline/looker_converter.py                   147     32     78     16    72%   22, 32, 36, 43-51, 116-117, 119, 147-148, 150, 165-172, 177-181, 191->190, 204, 212, 224, 238->243, 301-303, 307->326, 311
src/pipeline/models.py                              55      0      0      0   100%
src/pipeline/orchestrator.py                       157     25     32     13    80%   46, 49, 55, 65-67, 79, 90, 92, 95-97, 106-112, 119->123, 121->123, 124, 126, 293-296
src/pipeline/output.py                             119     36     38     10    64%   39-54, 63-85, 122->133, 135-139, 144->142, 147-149, 170-171, 175-176, 197->201, 202->205
src/pipeline/prefect_orchestrator.py                54     54      4      0     0%   1-103
src/pipeline/utils.py                              125     19     36      7    81%   31, 56, 70-76, 91-97, 117->119, 121, 136-138, 158, 165->167
src/theme.py                                         1      1      0      0     0%   5
src/tracing_setup.py                                60     27     10      4    56%   40-43, 62-63, 74-75, 90-91, 96-110, 129-133
src/utils/data_normalization.py                     63     11     22      2    80%   26, 95, 129-140
src/utils/date_utils.py                             15     10      4      0    26%   10-21
src/utils/numeric.py                                12      1      6      1    89%   16
src/utils/theme.py                                   1      0      0      0   100%
src/utils/tracing/azure_monitor.py                  68     28      8      3    57%   13-17, 31, 50, 56-82, 119-123
src/utils/tracing/setup.py                          60     28     10      5    53%   40-43, 58->61, 65-77, 90-91, 96-110, 128->exit, 132-133
src/utils/validation.py                             32     11     12      1    64%   8-16, 22, 48-51
src/validate_kpi_formulas.py                        34     34     14      0     0%   6-85
--------------------------------------------------------------------------------------------
TOTAL                                             7661   3847   1884    235    47%

13 empty files skipped.
FAIL Required test coverage of 85.0% not reached. Total coverage: 47.07%
=========== 391 passed, 13 skipped, 36 warnings in 140.79s (0:02:20) ===========
